[2025-11-18T00:01:05.411+0000] {local_task_job_runner.py:123} INFO - ::group::Pre task execution logs
[2025-11-18T00:01:05.516+0000] {taskinstance.py:2612} INFO - Dependencies all met for dep_context=non-requeueable deps ti=<TaskInstance: migr_pop2ctz_pipeline.transform_migr_pop2ctz manual__2025-11-18T00:00:54.449021+00:00 [queued]>
[2025-11-18T00:01:05.553+0000] {taskinstance.py:2612} INFO - Dependencies all met for dep_context=requeueable deps ti=<TaskInstance: migr_pop2ctz_pipeline.transform_migr_pop2ctz manual__2025-11-18T00:00:54.449021+00:00 [queued]>
[2025-11-18T00:01:05.553+0000] {taskinstance.py:2865} INFO - Starting attempt 1 of 2
[2025-11-18T00:01:05.581+0000] {taskinstance.py:2888} INFO - Executing <Task(BashOperator): transform_migr_pop2ctz> on 2025-11-18 00:00:54.449021+00:00
[2025-11-18T00:01:05.608+0000] {logging_mixin.py:190} WARNING - /home/***/.local/lib/python3.12/site-packages/***/task/task_runner/standard_task_runner.py:70 DeprecationWarning: This process (pid=926) is multi-threaded, use of fork() may lead to deadlocks in the child.
[2025-11-18T00:01:05.606+0000] {standard_task_runner.py:104} INFO - Running: ['***', 'tasks', 'run', 'migr_pop2ctz_pipeline', 'transform_migr_pop2ctz', 'manual__2025-11-18T00:00:54.449021+00:00', '--job-id', '101', '--raw', '--subdir', 'DAGS_FOLDER/migr_pop2ctz_pipeline.py', '--cfg-path', '/tmp/tmpeww8k5pf']
[2025-11-18T00:01:05.614+0000] {standard_task_runner.py:105} INFO - Job 101: Subtask transform_migr_pop2ctz
[2025-11-18T00:01:05.613+0000] {standard_task_runner.py:72} INFO - Started process 927 to run task
[2025-11-18T00:01:05.717+0000] {task_command.py:467} INFO - Running <TaskInstance: migr_pop2ctz_pipeline.transform_migr_pop2ctz manual__2025-11-18T00:00:54.449021+00:00 [running]> on host 83ca0fe0c31e
[2025-11-18T00:01:05.899+0000] {taskinstance.py:3131} INFO - Exporting env vars: AIRFLOW_CTX_DAG_OWNER='***' AIRFLOW_CTX_DAG_ID='migr_pop2ctz_pipeline' AIRFLOW_CTX_TASK_ID='transform_migr_pop2ctz' AIRFLOW_CTX_EXECUTION_DATE='2025-11-18T00:00:54.449021+00:00' AIRFLOW_CTX_TRY_NUMBER='1' AIRFLOW_CTX_DAG_RUN_ID='manual__2025-11-18T00:00:54.449021+00:00'
[2025-11-18T00:01:05.901+0000] {taskinstance.py:731} INFO - ::endgroup::
[2025-11-18T00:01:05.950+0000] {subprocess.py:63} INFO - Tmp dir root location: /tmp
[2025-11-18T00:01:05.952+0000] {subprocess.py:75} INFO - Running command: ['/usr/bin/bash', '-c', 'cd /opt/***/project && python src/transform/migr_pop2ctz_raw_to_silver.py']
[2025-11-18T00:01:05.975+0000] {subprocess.py:86} INFO - Output:
[2025-11-18T00:01:08.746+0000] {subprocess.py:93} INFO - Lexoj JSON-stat nga: data/lake/bronze/migr_pop2ctz/migr_pop2ctz_20251118T000101.json
[2025-11-18T00:01:08.764+0000] {subprocess.py:93} INFO - Kolonat origjinale: ['Time frequency', 'Age class', 'Country of citizenship', 'Unit of measure', 'Sex', 'Geopolitical entity (reporting)', 'Time', 'value']
[2025-11-18T00:01:08.767+0000] {subprocess.py:93} INFO - Kolonat pas rename: ['Time frequency', 'age', 'Country of citizenship', 'unit', 'sex', 'geo', 'time', 'measure_value']
[2025-11-18T00:01:08.768+0000] {subprocess.py:93} INFO - U ruajt silver Parquet: data/lake/silver/migr_pop2ctz/migr_pop2ctz.parquet
[2025-11-18T00:01:09.157+0000] {subprocess.py:97} INFO - Command exited with return code 0
[2025-11-18T00:01:09.327+0000] {taskinstance.py:340} INFO - ::group::Post task execution logs
[2025-11-18T00:01:09.332+0000] {taskinstance.py:352} INFO - Marking task as SUCCESS. dag_id=migr_pop2ctz_pipeline, task_id=transform_migr_pop2ctz, run_id=manual__2025-11-18T00:00:54.449021+00:00, execution_date=20251118T000054, start_date=20251118T000105, end_date=20251118T000109
[2025-11-18T00:01:09.394+0000] {local_task_job_runner.py:266} INFO - Task exited with return code 0
[2025-11-18T00:01:09.480+0000] {taskinstance.py:3900} INFO - 1 downstream tasks scheduled from follow-on schedule check
[2025-11-18T00:01:09.481+0000] {local_task_job_runner.py:245} INFO - ::endgroup::
