[2025-11-17T23:12:31.200+0000] {local_task_job_runner.py:123} INFO - ::group::Pre task execution logs
[2025-11-17T23:12:31.213+0000] {taskinstance.py:2612} INFO - Dependencies all met for dep_context=non-requeueable deps ti=<TaskInstance: demo_pjan_pipeline.transform_demo_pjan manual__2025-11-17T23:06:47.299507+00:00 [queued]>
[2025-11-17T23:12:31.217+0000] {taskinstance.py:2612} INFO - Dependencies all met for dep_context=requeueable deps ti=<TaskInstance: demo_pjan_pipeline.transform_demo_pjan manual__2025-11-17T23:06:47.299507+00:00 [queued]>
[2025-11-17T23:12:31.217+0000] {taskinstance.py:2865} INFO - Starting attempt 2 of 2
[2025-11-17T23:12:31.224+0000] {taskinstance.py:2888} INFO - Executing <Task(BashOperator): transform_demo_pjan> on 2025-11-17 23:06:47.299507+00:00
[2025-11-17T23:12:31.236+0000] {logging_mixin.py:190} WARNING - /home/***/.local/lib/python3.12/site-packages/***/task/task_runner/standard_task_runner.py:70 DeprecationWarning: This process (pid=206) is multi-threaded, use of fork() may lead to deadlocks in the child.
[2025-11-17T23:12:31.238+0000] {standard_task_runner.py:72} INFO - Started process 209 to run task
[2025-11-17T23:12:31.236+0000] {standard_task_runner.py:104} INFO - Running: ['***', 'tasks', 'run', 'demo_pjan_pipeline', 'transform_demo_pjan', 'manual__2025-11-17T23:06:47.299507+00:00', '--job-id', '68', '--raw', '--subdir', 'DAGS_FOLDER/demo_pjan_pipeline.py', '--cfg-path', '/tmp/tmph_bs955h']
[2025-11-17T23:12:31.238+0000] {standard_task_runner.py:105} INFO - Job 68: Subtask transform_demo_pjan
[2025-11-17T23:12:31.291+0000] {task_command.py:467} INFO - Running <TaskInstance: demo_pjan_pipeline.transform_demo_pjan manual__2025-11-17T23:06:47.299507+00:00 [running]> on host 6b6be2ab3801
[2025-11-17T23:12:31.363+0000] {taskinstance.py:3131} INFO - Exporting env vars: AIRFLOW_CTX_DAG_OWNER='***' AIRFLOW_CTX_DAG_ID='demo_pjan_pipeline' AIRFLOW_CTX_TASK_ID='transform_demo_pjan' AIRFLOW_CTX_EXECUTION_DATE='2025-11-17T23:06:47.299507+00:00' AIRFLOW_CTX_TRY_NUMBER='2' AIRFLOW_CTX_DAG_RUN_ID='manual__2025-11-17T23:06:47.299507+00:00'
[2025-11-17T23:12:31.363+0000] {taskinstance.py:731} INFO - ::endgroup::
[2025-11-17T23:12:31.391+0000] {subprocess.py:63} INFO - Tmp dir root location: /tmp
[2025-11-17T23:12:31.391+0000] {subprocess.py:75} INFO - Running command: ['/usr/bin/bash', '-c', 'cd /opt/***/project && python src/transform/demo_pjan_raw_to_silver.py']
[2025-11-17T23:12:31.402+0000] {subprocess.py:86} INFO - Output:
[2025-11-17T23:12:33.368+0000] {subprocess.py:93} INFO - Lexoj JSON-stat nga: data/lake/bronze/demo_pjan/demo_pjan_20251117T231037.json
[2025-11-17T23:12:33.371+0000] {subprocess.py:93} INFO - Kolonat në DataFrame: ['Time frequency', 'Unit of measure', 'Age class', 'Sex', 'Geopolitical entity (reporting)', 'Time', 'measure_value']
[2025-11-17T23:12:33.371+0000] {subprocess.py:93} INFO - U ruajt silver Parquet: data/lake/silver/demo_pjan/demo_pjan.parquet
[2025-11-17T23:12:33.428+0000] {subprocess.py:97} INFO - Command exited with return code 0
[2025-11-17T23:12:33.464+0000] {taskinstance.py:340} INFO - ::group::Post task execution logs
[2025-11-17T23:12:33.464+0000] {taskinstance.py:352} INFO - Marking task as SUCCESS. dag_id=demo_pjan_pipeline, task_id=transform_demo_pjan, run_id=manual__2025-11-17T23:06:47.299507+00:00, execution_date=20251117T230647, start_date=20251117T231231, end_date=20251117T231233
[2025-11-17T23:12:33.514+0000] {local_task_job_runner.py:266} INFO - Task exited with return code 0
[2025-11-17T23:12:33.543+0000] {taskinstance.py:3900} INFO - 1 downstream tasks scheduled from follow-on schedule check
[2025-11-17T23:12:33.544+0000] {local_task_job_runner.py:245} INFO - ::endgroup::
