[2025-11-17T23:34:03.381+0000] {local_task_job_runner.py:123} INFO - ::group::Pre task execution logs
[2025-11-17T23:34:03.415+0000] {taskinstance.py:2612} INFO - Dependencies all met for dep_context=non-requeueable deps ti=<TaskInstance: migr_pop2ctz_pipeline.load_migr_pop2ctz_to_sqlserver manual__2025-11-17T23:33:56.405637+00:00 [queued]>
[2025-11-17T23:34:03.424+0000] {taskinstance.py:2612} INFO - Dependencies all met for dep_context=requeueable deps ti=<TaskInstance: migr_pop2ctz_pipeline.load_migr_pop2ctz_to_sqlserver manual__2025-11-17T23:33:56.405637+00:00 [queued]>
[2025-11-17T23:34:03.426+0000] {taskinstance.py:2865} INFO - Starting attempt 1 of 2
[2025-11-17T23:34:03.444+0000] {taskinstance.py:2888} INFO - Executing <Task(BashOperator): load_migr_pop2ctz_to_sqlserver> on 2025-11-17 23:33:56.405637+00:00
[2025-11-17T23:34:03.458+0000] {logging_mixin.py:190} WARNING - /home/***/.local/lib/python3.12/site-packages/***/task/task_runner/standard_task_runner.py:70 DeprecationWarning: This process (pid=255) is multi-threaded, use of fork() may lead to deadlocks in the child.
[2025-11-17T23:34:03.460+0000] {standard_task_runner.py:72} INFO - Started process 256 to run task
[2025-11-17T23:34:03.458+0000] {standard_task_runner.py:104} INFO - Running: ['***', 'tasks', 'run', 'migr_pop2ctz_pipeline', 'load_migr_pop2ctz_to_sqlserver', 'manual__2025-11-17T23:33:56.405637+00:00', '--job-id', '93', '--raw', '--subdir', 'DAGS_FOLDER/migr_pop2ctz_pipeline.py', '--cfg-path', '/tmp/tmpn3f72kna']
[2025-11-17T23:34:03.464+0000] {standard_task_runner.py:105} INFO - Job 93: Subtask load_migr_pop2ctz_to_sqlserver
[2025-11-17T23:34:03.550+0000] {task_command.py:467} INFO - Running <TaskInstance: migr_pop2ctz_pipeline.load_migr_pop2ctz_to_sqlserver manual__2025-11-17T23:33:56.405637+00:00 [running]> on host 83ca0fe0c31e
[2025-11-17T23:34:03.651+0000] {taskinstance.py:3131} INFO - Exporting env vars: AIRFLOW_CTX_DAG_OWNER='***' AIRFLOW_CTX_DAG_ID='migr_pop2ctz_pipeline' AIRFLOW_CTX_TASK_ID='load_migr_pop2ctz_to_sqlserver' AIRFLOW_CTX_EXECUTION_DATE='2025-11-17T23:33:56.405637+00:00' AIRFLOW_CTX_TRY_NUMBER='1' AIRFLOW_CTX_DAG_RUN_ID='manual__2025-11-17T23:33:56.405637+00:00'
[2025-11-17T23:34:03.652+0000] {taskinstance.py:731} INFO - ::endgroup::
[2025-11-17T23:34:03.679+0000] {subprocess.py:63} INFO - Tmp dir root location: /tmp
[2025-11-17T23:34:03.681+0000] {subprocess.py:75} INFO - Running command: ['/usr/bin/bash', '-c', 'cd /opt/***/project && python src/load/migr_pop2ctz_to_sqlserver.py']
[2025-11-17T23:34:03.697+0000] {subprocess.py:86} INFO - Output:
[2025-11-17T23:34:05.690+0000] {subprocess.py:93} INFO - Driver-at e disponueshëm nga pyodbc: ['ODBC Driver 18 for SQL Server']
[2025-11-17T23:34:05.696+0000] {subprocess.py:93} INFO - RUNNING_IN_DOCKER: True
[2025-11-17T23:34:05.697+0000] {subprocess.py:93} INFO - SQLSERVER_HOST që po përdoret: sqlserver
[2025-11-17T23:34:05.698+0000] {subprocess.py:93} INFO - SQLSERVER_CONN_STR:
[2025-11-17T23:34:05.699+0000] {subprocess.py:93} INFO - DRIVER={ODBC Driver 18 for SQL Server};SERVER=sqlserver,1433;DATABASE=EUDWH;UID=sa;PWD=Dokleat123.;Encrypt=no;TrustServerCertificate=yes;
[2025-11-17T23:34:05.699+0000] {subprocess.py:93} INFO - Lexoj Parquet nga: data/lake/silver/migr_pop2ctz/migr_pop2ctz.parquet
[2025-11-17T23:34:05.700+0000] {subprocess.py:93} INFO - Kolonat origjinale në DataFrame: ['Time frequency', 'age', 'Country of citizenship', 'unit', 'sex', 'geo', 'time', 'measure_value']
[2025-11-17T23:34:05.701+0000] {subprocess.py:93} INFO - Kolonat pas rename: ['Time frequency', 'age', 'citizenship', 'unit', 'sex', 'geo', 'time', 'measure_value']
[2025-11-17T23:34:05.702+0000] {subprocess.py:93} INFO - Shembull rreshtash pas transformimit:
[2025-11-17T23:34:05.703+0000] {subprocess.py:93} INFO -    time                                        geo  ... measure_value    unit
[2025-11-17T23:34:05.703+0000] {subprocess.py:93} INFO - 0  2015  European Union - 27 countries (from 2020)  ...    29561861.0  Number
[2025-11-17T23:34:05.704+0000] {subprocess.py:93} INFO - 1  2016  European Union - 27 countries (from 2020)  ...    31184854.0  Number
[2025-11-17T23:34:05.705+0000] {subprocess.py:93} INFO - 2  2017  European Union - 27 countries (from 2020)  ...    32239244.0  Number
[2025-11-17T23:34:05.705+0000] {subprocess.py:93} INFO - 3  2018  European Union - 27 countries (from 2020)  ...    33610281.0  Number
[2025-11-17T23:34:05.706+0000] {subprocess.py:93} INFO - 4  2019  European Union - 27 countries (from 2020)  ...    34984203.0  Number
[2025-11-17T23:34:05.706+0000] {subprocess.py:93} INFO - 
[2025-11-17T23:34:05.707+0000] {subprocess.py:93} INFO - [5 rows x 5 columns]
[2025-11-17T23:34:05.709+0000] {subprocess.py:93} INFO - Po lidhem me SQL Server me connection string...
[2025-11-17T23:34:05.710+0000] {subprocess.py:93} INFO - Lidhja OK.
[2025-11-17T23:34:05.711+0000] {subprocess.py:93} INFO - Vitet unike: [2015, 2016, 2017, 2018, 2019, 2020, 2021, 2022, 2023, 2024]
[2025-11-17T23:34:05.712+0000] {subprocess.py:93} INFO - Vendet (geo) unike: ['European Union - 27 countries (from 2020)', 'France', 'Germany', 'Italy', 'Poland', 'Spain']
[2025-11-17T23:34:05.713+0000] {subprocess.py:93} INFO - U futën 240 rreshta në dwh.fact_migration.
[2025-11-17T23:34:05.713+0000] {subprocess.py:93} INFO - Lidhja me SQL Server u mbyll.
[2025-11-17T23:34:05.818+0000] {subprocess.py:97} INFO - Command exited with return code 0
[2025-11-17T23:34:05.878+0000] {taskinstance.py:340} INFO - ::group::Post task execution logs
[2025-11-17T23:34:05.880+0000] {taskinstance.py:352} INFO - Marking task as SUCCESS. dag_id=migr_pop2ctz_pipeline, task_id=load_migr_pop2ctz_to_sqlserver, run_id=manual__2025-11-17T23:33:56.405637+00:00, execution_date=20251117T233356, start_date=20251117T233403, end_date=20251117T233405
[2025-11-17T23:34:05.931+0000] {local_task_job_runner.py:266} INFO - Task exited with return code 0
[2025-11-17T23:34:05.996+0000] {taskinstance.py:3900} INFO - 0 downstream tasks scheduled from follow-on schedule check
[2025-11-17T23:34:05.998+0000] {local_task_job_runner.py:245} INFO - ::endgroup::
