[2025-11-17T23:33:59.393+0000] {local_task_job_runner.py:123} INFO - ::group::Pre task execution logs
[2025-11-17T23:33:59.422+0000] {taskinstance.py:2612} INFO - Dependencies all met for dep_context=non-requeueable deps ti=<TaskInstance: migr_pop2ctz_pipeline.transform_migr_pop2ctz scheduled__2025-11-16T00:00:00+00:00 [queued]>
[2025-11-17T23:33:59.431+0000] {taskinstance.py:2612} INFO - Dependencies all met for dep_context=requeueable deps ti=<TaskInstance: migr_pop2ctz_pipeline.transform_migr_pop2ctz scheduled__2025-11-16T00:00:00+00:00 [queued]>
[2025-11-17T23:33:59.433+0000] {taskinstance.py:2865} INFO - Starting attempt 1 of 2
[2025-11-17T23:33:59.453+0000] {taskinstance.py:2888} INFO - Executing <Task(BashOperator): transform_migr_pop2ctz> on 2025-11-16 00:00:00+00:00
[2025-11-17T23:33:59.475+0000] {logging_mixin.py:190} WARNING - /home/***/.local/lib/python3.12/site-packages/***/task/task_runner/standard_task_runner.py:70 DeprecationWarning: This process (pid=220) is multi-threaded, use of fork() may lead to deadlocks in the child.
[2025-11-17T23:33:59.473+0000] {standard_task_runner.py:104} INFO - Running: ['***', 'tasks', 'run', 'migr_pop2ctz_pipeline', 'transform_migr_pop2ctz', 'scheduled__2025-11-16T00:00:00+00:00', '--job-id', '90', '--raw', '--subdir', 'DAGS_FOLDER/migr_pop2ctz_pipeline.py', '--cfg-path', '/tmp/tmp9kmpljse']
[2025-11-17T23:33:59.479+0000] {standard_task_runner.py:72} INFO - Started process 223 to run task
[2025-11-17T23:33:59.479+0000] {standard_task_runner.py:105} INFO - Job 90: Subtask transform_migr_pop2ctz
[2025-11-17T23:33:59.545+0000] {task_command.py:467} INFO - Running <TaskInstance: migr_pop2ctz_pipeline.transform_migr_pop2ctz scheduled__2025-11-16T00:00:00+00:00 [running]> on host 83ca0fe0c31e
[2025-11-17T23:33:59.714+0000] {taskinstance.py:3131} INFO - Exporting env vars: AIRFLOW_CTX_DAG_OWNER='***' AIRFLOW_CTX_DAG_ID='migr_pop2ctz_pipeline' AIRFLOW_CTX_TASK_ID='transform_migr_pop2ctz' AIRFLOW_CTX_EXECUTION_DATE='2025-11-16T00:00:00+00:00' AIRFLOW_CTX_TRY_NUMBER='1' AIRFLOW_CTX_DAG_RUN_ID='scheduled__2025-11-16T00:00:00+00:00'
[2025-11-17T23:33:59.716+0000] {taskinstance.py:731} INFO - ::endgroup::
[2025-11-17T23:33:59.757+0000] {subprocess.py:63} INFO - Tmp dir root location: /tmp
[2025-11-17T23:33:59.758+0000] {subprocess.py:75} INFO - Running command: ['/usr/bin/bash', '-c', 'cd /opt/***/project && python src/transform/migr_pop2ctz_raw_to_silver.py']
[2025-11-17T23:33:59.780+0000] {subprocess.py:86} INFO - Output:
[2025-11-17T23:34:02.214+0000] {subprocess.py:93} INFO - Lexoj JSON-stat nga: data/lake/bronze/migr_pop2ctz/migr_pop2ctz_20251117T233358.json
[2025-11-17T23:34:02.221+0000] {subprocess.py:93} INFO - Kolonat origjinale: ['Time frequency', 'Age class', 'Country of citizenship', 'Unit of measure', 'Sex', 'Geopolitical entity (reporting)', 'Time', 'value']
[2025-11-17T23:34:02.222+0000] {subprocess.py:93} INFO - Kolonat pas rename: ['Time frequency', 'age', 'Country of citizenship', 'unit', 'sex', 'geo', 'time', 'measure_value']
[2025-11-17T23:34:02.222+0000] {subprocess.py:93} INFO - U ruajt silver Parquet: data/lake/silver/migr_pop2ctz/migr_pop2ctz.parquet
[2025-11-17T23:34:02.407+0000] {subprocess.py:97} INFO - Command exited with return code 0
[2025-11-17T23:34:02.481+0000] {taskinstance.py:340} INFO - ::group::Post task execution logs
[2025-11-17T23:34:02.482+0000] {taskinstance.py:352} INFO - Marking task as SUCCESS. dag_id=migr_pop2ctz_pipeline, task_id=transform_migr_pop2ctz, run_id=scheduled__2025-11-16T00:00:00+00:00, execution_date=20251116T000000, start_date=20251117T233359, end_date=20251117T233402
[2025-11-17T23:34:02.539+0000] {local_task_job_runner.py:266} INFO - Task exited with return code 0
[2025-11-17T23:34:02.621+0000] {taskinstance.py:3900} INFO - 1 downstream tasks scheduled from follow-on schedule check
[2025-11-17T23:34:02.623+0000] {local_task_job_runner.py:245} INFO - ::endgroup::
