[2025-11-17T23:12:50.545+0000] {local_task_job_runner.py:123} INFO - ::group::Pre task execution logs
[2025-11-17T23:12:50.559+0000] {taskinstance.py:2612} INFO - Dependencies all met for dep_context=non-requeueable deps ti=<TaskInstance: demo_pjan_pipeline.ingest_demo_pjan manual__2025-11-17T23:12:49.297920+00:00 [queued]>
[2025-11-17T23:12:50.566+0000] {taskinstance.py:2612} INFO - Dependencies all met for dep_context=requeueable deps ti=<TaskInstance: demo_pjan_pipeline.ingest_demo_pjan manual__2025-11-17T23:12:49.297920+00:00 [queued]>
[2025-11-17T23:12:50.566+0000] {taskinstance.py:2865} INFO - Starting attempt 1 of 2
[2025-11-17T23:12:50.575+0000] {taskinstance.py:2888} INFO - Executing <Task(BashOperator): ingest_demo_pjan> on 2025-11-17 23:12:49.297920+00:00
[2025-11-17T23:12:50.589+0000] {logging_mixin.py:190} WARNING - /home/***/.local/lib/python3.12/site-packages/***/task/task_runner/standard_task_runner.py:70 DeprecationWarning: This process (pid=250) is multi-threaded, use of fork() may lead to deadlocks in the child.
[2025-11-17T23:12:50.589+0000] {standard_task_runner.py:104} INFO - Running: ['***', 'tasks', 'run', 'demo_pjan_pipeline', 'ingest_demo_pjan', 'manual__2025-11-17T23:12:49.297920+00:00', '--job-id', '70', '--raw', '--subdir', 'DAGS_FOLDER/demo_pjan_pipeline.py', '--cfg-path', '/tmp/tmpbsulkrhv']
[2025-11-17T23:12:50.592+0000] {standard_task_runner.py:105} INFO - Job 70: Subtask ingest_demo_pjan
[2025-11-17T23:12:50.591+0000] {standard_task_runner.py:72} INFO - Started process 251 to run task
[2025-11-17T23:12:50.647+0000] {task_command.py:467} INFO - Running <TaskInstance: demo_pjan_pipeline.ingest_demo_pjan manual__2025-11-17T23:12:49.297920+00:00 [running]> on host 6b6be2ab3801
[2025-11-17T23:12:50.708+0000] {taskinstance.py:3131} INFO - Exporting env vars: AIRFLOW_CTX_DAG_OWNER='***' AIRFLOW_CTX_DAG_ID='demo_pjan_pipeline' AIRFLOW_CTX_TASK_ID='ingest_demo_pjan' AIRFLOW_CTX_EXECUTION_DATE='2025-11-17T23:12:49.297920+00:00' AIRFLOW_CTX_TRY_NUMBER='1' AIRFLOW_CTX_DAG_RUN_ID='manual__2025-11-17T23:12:49.297920+00:00'
[2025-11-17T23:12:50.708+0000] {taskinstance.py:731} INFO - ::endgroup::
[2025-11-17T23:12:50.719+0000] {subprocess.py:63} INFO - Tmp dir root location: /tmp
[2025-11-17T23:12:50.719+0000] {subprocess.py:75} INFO - Running command: ['/usr/bin/bash', '-c', 'cd /opt/***/project && python src/collect/ingest_demo_pjan.py']
[2025-11-17T23:12:50.725+0000] {subprocess.py:86} INFO - Output:
[2025-11-17T23:12:51.652+0000] {subprocess.py:93} INFO - /opt/***/project/src/collect/ingest_demo_pjan.py:27: DeprecationWarning: datetime.datetime.utcnow() is deprecated and scheduled for removal in a future version. Use timezone-aware objects to represent datetimes in UTC: datetime.datetime.now(datetime.UTC).
[2025-11-17T23:12:51.653+0000] {subprocess.py:93} INFO -   ts = datetime.utcnow().strftime("%Y%m%dT%H%M%S")
[2025-11-17T23:12:51.669+0000] {subprocess.py:93} INFO - Fetching from: https://ec.europa.eu/eurostat/api/dissemination/statistics/1.0/data/DEMO_PJAN?lang=EN&lastTimePeriod=10&geo=DE&geo=FR&geo=IT&geo=ES&geo=PL&geo=EU27_2020
[2025-11-17T23:12:51.670+0000] {subprocess.py:93} INFO - Saved local bronze file: data/lake/bronze/demo_pjan/demo_pjan_20251117T231251.json
[2025-11-17T23:12:51.684+0000] {subprocess.py:97} INFO - Command exited with return code 0
[2025-11-17T23:12:51.708+0000] {taskinstance.py:340} INFO - ::group::Post task execution logs
[2025-11-17T23:12:51.708+0000] {taskinstance.py:352} INFO - Marking task as SUCCESS. dag_id=demo_pjan_pipeline, task_id=ingest_demo_pjan, run_id=manual__2025-11-17T23:12:49.297920+00:00, execution_date=20251117T231249, start_date=20251117T231250, end_date=20251117T231251
[2025-11-17T23:12:51.726+0000] {local_task_job_runner.py:266} INFO - Task exited with return code 0
[2025-11-17T23:12:51.743+0000] {taskinstance.py:3900} INFO - 1 downstream tasks scheduled from follow-on schedule check
[2025-11-17T23:12:51.744+0000] {local_task_job_runner.py:245} INFO - ::endgroup::
