[2025-11-18T00:00:56.956+0000] {local_task_job_runner.py:123} INFO - ::group::Pre task execution logs
[2025-11-18T00:00:57.037+0000] {taskinstance.py:2612} INFO - Dependencies all met for dep_context=non-requeueable deps ti=<TaskInstance: migr_pop2ctz_pipeline.ingest_migr_pop2ctz manual__2025-11-18T00:00:54.449021+00:00 [queued]>
[2025-11-18T00:00:57.071+0000] {taskinstance.py:2612} INFO - Dependencies all met for dep_context=requeueable deps ti=<TaskInstance: migr_pop2ctz_pipeline.ingest_migr_pop2ctz manual__2025-11-18T00:00:54.449021+00:00 [queued]>
[2025-11-18T00:00:57.072+0000] {taskinstance.py:2865} INFO - Starting attempt 1 of 2
[2025-11-18T00:00:57.165+0000] {taskinstance.py:2888} INFO - Executing <Task(BashOperator): ingest_migr_pop2ctz> on 2025-11-18 00:00:54.449021+00:00
[2025-11-18T00:00:57.304+0000] {logging_mixin.py:190} WARNING - /home/***/.local/lib/python3.12/site-packages/***/task/task_runner/standard_task_runner.py:70 DeprecationWarning: This process (pid=922) is multi-threaded, use of fork() may lead to deadlocks in the child.
[2025-11-18T00:00:57.303+0000] {standard_task_runner.py:104} INFO - Running: ['***', 'tasks', 'run', 'migr_pop2ctz_pipeline', 'ingest_migr_pop2ctz', 'manual__2025-11-18T00:00:54.449021+00:00', '--job-id', '100', '--raw', '--subdir', 'DAGS_FOLDER/migr_pop2ctz_pipeline.py', '--cfg-path', '/tmp/tmpedmp4nmh']
[2025-11-18T00:00:57.341+0000] {standard_task_runner.py:72} INFO - Started process 923 to run task
[2025-11-18T00:00:57.342+0000] {standard_task_runner.py:105} INFO - Job 100: Subtask ingest_migr_pop2ctz
[2025-11-18T00:00:57.671+0000] {task_command.py:467} INFO - Running <TaskInstance: migr_pop2ctz_pipeline.ingest_migr_pop2ctz manual__2025-11-18T00:00:54.449021+00:00 [running]> on host 83ca0fe0c31e
[2025-11-18T00:00:58.190+0000] {taskinstance.py:3131} INFO - Exporting env vars: AIRFLOW_CTX_DAG_OWNER='***' AIRFLOW_CTX_DAG_ID='migr_pop2ctz_pipeline' AIRFLOW_CTX_TASK_ID='ingest_migr_pop2ctz' AIRFLOW_CTX_EXECUTION_DATE='2025-11-18T00:00:54.449021+00:00' AIRFLOW_CTX_TRY_NUMBER='1' AIRFLOW_CTX_DAG_RUN_ID='manual__2025-11-18T00:00:54.449021+00:00'
[2025-11-18T00:00:58.193+0000] {taskinstance.py:731} INFO - ::endgroup::
[2025-11-18T00:00:58.327+0000] {subprocess.py:63} INFO - Tmp dir root location: /tmp
[2025-11-18T00:00:58.332+0000] {subprocess.py:75} INFO - Running command: ['/usr/bin/bash', '-c', 'cd /opt/***/project && python src/collect/ingest_migr_pop2ctz.py']
[2025-11-18T00:00:58.488+0000] {subprocess.py:86} INFO - Output:
[2025-11-18T00:01:01.992+0000] {subprocess.py:93} INFO - /opt/***/project/src/collect/ingest_migr_pop2ctz.py:27: DeprecationWarning: datetime.datetime.utcnow() is deprecated and scheduled for removal in a future version. Use timezone-aware objects to represent datetimes in UTC: datetime.datetime.now(datetime.UTC).
[2025-11-18T00:01:02.004+0000] {subprocess.py:93} INFO -   ts = datetime.utcnow().strftime("%Y%m%dT%H%M%S")
[2025-11-18T00:01:02.149+0000] {subprocess.py:93} INFO - Fetching from: https://ec.europa.eu/eurostat/api/dissemination/statistics/1.0/data/MIGR_POP2CTZ?lang=EN&lastTimePeriod=10&geo=DE&geo=FR&geo=IT&geo=ES&geo=PL&geo=EU27_2020
[2025-11-18T00:01:02.149+0000] {subprocess.py:93} INFO - Saved bronze file: data/lake/bronze/migr_pop2ctz/migr_pop2ctz_20251118T000101.json
[2025-11-18T00:01:02.236+0000] {subprocess.py:97} INFO - Command exited with return code 0
[2025-11-18T00:01:02.653+0000] {taskinstance.py:340} INFO - ::group::Post task execution logs
[2025-11-18T00:01:02.661+0000] {taskinstance.py:352} INFO - Marking task as SUCCESS. dag_id=migr_pop2ctz_pipeline, task_id=ingest_migr_pop2ctz, run_id=manual__2025-11-18T00:00:54.449021+00:00, execution_date=20251118T000054, start_date=20251118T000057, end_date=20251118T000102
[2025-11-18T00:01:02.811+0000] {local_task_job_runner.py:266} INFO - Task exited with return code 0
[2025-11-18T00:01:02.937+0000] {taskinstance.py:3900} INFO - 1 downstream tasks scheduled from follow-on schedule check
[2025-11-18T00:01:02.944+0000] {local_task_job_runner.py:245} INFO - ::endgroup::
