[2025-11-17T23:33:34.593+0000] {processor.py:186} INFO - Started process (PID=202) to work on /opt/airflow/dags/migr_pop2ctz_pipeline.py
[2025-11-17T23:33:34.595+0000] {processor.py:914} INFO - Processing file /opt/airflow/dags/migr_pop2ctz_pipeline.py for tasks to queue
[2025-11-17T23:33:34.599+0000] {logging_mixin.py:190} INFO - [2025-11-17T23:33:34.598+0000] {dagbag.py:588} INFO - Filling up the DagBag from /opt/airflow/dags/migr_pop2ctz_pipeline.py
[2025-11-17T23:33:34.642+0000] {processor.py:925} INFO - DAG(s) 'migr_pop2ctz_pipeline' retrieved from /opt/airflow/dags/migr_pop2ctz_pipeline.py
[2025-11-17T23:33:35.094+0000] {logging_mixin.py:190} INFO - [2025-11-17T23:33:35.092+0000] {override.py:1900} INFO - Created Permission View: can read on DAG:migr_pop2ctz_pipeline
[2025-11-17T23:33:35.107+0000] {logging_mixin.py:190} INFO - [2025-11-17T23:33:35.106+0000] {override.py:1900} INFO - Created Permission View: can delete on DAG:migr_pop2ctz_pipeline
[2025-11-17T23:33:35.110+0000] {logging_mixin.py:190} INFO - [2025-11-17T23:33:35.110+0000] {override.py:1900} INFO - Created Permission View: can edit on DAG:migr_pop2ctz_pipeline
[2025-11-17T23:33:35.114+0000] {logging_mixin.py:190} INFO - [2025-11-17T23:33:35.114+0000] {override.py:1900} INFO - Created Permission View: can read on DAG Run:migr_pop2ctz_pipeline
[2025-11-17T23:33:35.119+0000] {logging_mixin.py:190} INFO - [2025-11-17T23:33:35.119+0000] {override.py:1900} INFO - Created Permission View: can create on DAG Run:migr_pop2ctz_pipeline
[2025-11-17T23:33:35.122+0000] {logging_mixin.py:190} INFO - [2025-11-17T23:33:35.122+0000] {override.py:1900} INFO - Created Permission View: menu access on DAG Run:migr_pop2ctz_pipeline
[2025-11-17T23:33:35.125+0000] {logging_mixin.py:190} INFO - [2025-11-17T23:33:35.125+0000] {override.py:1900} INFO - Created Permission View: can delete on DAG Run:migr_pop2ctz_pipeline
[2025-11-17T23:33:35.126+0000] {logging_mixin.py:190} INFO - [2025-11-17T23:33:35.126+0000] {dag.py:3239} INFO - Sync 1 DAGs
[2025-11-17T23:33:35.137+0000] {logging_mixin.py:190} INFO - [2025-11-17T23:33:35.136+0000] {dag.py:3262} INFO - Creating ORM DAG for migr_pop2ctz_pipeline
[2025-11-17T23:33:35.146+0000] {logging_mixin.py:190} INFO - [2025-11-17T23:33:35.146+0000] {dag.py:4180} INFO - Setting next_dagrun for migr_pop2ctz_pipeline to 2025-11-16 00:00:00+00:00, run_after=2025-11-17 00:00:00+00:00
[2025-11-17T23:33:35.161+0000] {processor.py:208} INFO - Processing /opt/airflow/dags/migr_pop2ctz_pipeline.py took 0.583 seconds
[2025-11-17T23:34:05.255+0000] {processor.py:186} INFO - Started process (PID=302) to work on /opt/airflow/dags/migr_pop2ctz_pipeline.py
[2025-11-17T23:34:05.257+0000] {processor.py:914} INFO - Processing file /opt/airflow/dags/migr_pop2ctz_pipeline.py for tasks to queue
[2025-11-17T23:34:05.267+0000] {logging_mixin.py:190} INFO - [2025-11-17T23:34:05.264+0000] {dagbag.py:588} INFO - Filling up the DagBag from /opt/airflow/dags/migr_pop2ctz_pipeline.py
[2025-11-17T23:34:05.297+0000] {processor.py:925} INFO - DAG(s) 'migr_pop2ctz_pipeline' retrieved from /opt/airflow/dags/migr_pop2ctz_pipeline.py
[2025-11-17T23:34:05.383+0000] {logging_mixin.py:190} INFO - [2025-11-17T23:34:05.382+0000] {dag.py:3239} INFO - Sync 1 DAGs
[2025-11-17T23:34:05.415+0000] {logging_mixin.py:190} INFO - [2025-11-17T23:34:05.415+0000] {dag.py:4180} INFO - Setting next_dagrun for migr_pop2ctz_pipeline to 2025-11-17 00:00:00+00:00, run_after=2025-11-18 00:00:00+00:00
[2025-11-17T23:34:05.461+0000] {processor.py:208} INFO - Processing /opt/airflow/dags/migr_pop2ctz_pipeline.py took 0.219 seconds
[2025-11-17T23:34:36.016+0000] {processor.py:186} INFO - Started process (PID=312) to work on /opt/airflow/dags/migr_pop2ctz_pipeline.py
[2025-11-17T23:34:36.018+0000] {processor.py:914} INFO - Processing file /opt/airflow/dags/migr_pop2ctz_pipeline.py for tasks to queue
[2025-11-17T23:34:36.022+0000] {logging_mixin.py:190} INFO - [2025-11-17T23:34:36.022+0000] {dagbag.py:588} INFO - Filling up the DagBag from /opt/airflow/dags/migr_pop2ctz_pipeline.py
[2025-11-17T23:34:36.047+0000] {processor.py:925} INFO - DAG(s) 'migr_pop2ctz_pipeline' retrieved from /opt/airflow/dags/migr_pop2ctz_pipeline.py
[2025-11-17T23:34:36.098+0000] {logging_mixin.py:190} INFO - [2025-11-17T23:34:36.098+0000] {dag.py:3239} INFO - Sync 1 DAGs
[2025-11-17T23:34:36.134+0000] {logging_mixin.py:190} INFO - [2025-11-17T23:34:36.134+0000] {dag.py:4180} INFO - Setting next_dagrun for migr_pop2ctz_pipeline to 2025-11-17 00:00:00+00:00, run_after=2025-11-18 00:00:00+00:00
[2025-11-17T23:34:36.155+0000] {processor.py:208} INFO - Processing /opt/airflow/dags/migr_pop2ctz_pipeline.py took 0.157 seconds
[2025-11-17T23:35:06.541+0000] {processor.py:186} INFO - Started process (PID=322) to work on /opt/airflow/dags/migr_pop2ctz_pipeline.py
[2025-11-17T23:35:06.542+0000] {processor.py:914} INFO - Processing file /opt/airflow/dags/migr_pop2ctz_pipeline.py for tasks to queue
[2025-11-17T23:35:06.547+0000] {logging_mixin.py:190} INFO - [2025-11-17T23:35:06.547+0000] {dagbag.py:588} INFO - Filling up the DagBag from /opt/airflow/dags/migr_pop2ctz_pipeline.py
[2025-11-17T23:35:06.571+0000] {processor.py:925} INFO - DAG(s) 'migr_pop2ctz_pipeline' retrieved from /opt/airflow/dags/migr_pop2ctz_pipeline.py
[2025-11-17T23:35:06.621+0000] {logging_mixin.py:190} INFO - [2025-11-17T23:35:06.621+0000] {dag.py:3239} INFO - Sync 1 DAGs
[2025-11-17T23:35:06.654+0000] {logging_mixin.py:190} INFO - [2025-11-17T23:35:06.654+0000] {dag.py:4180} INFO - Setting next_dagrun for migr_pop2ctz_pipeline to 2025-11-17 00:00:00+00:00, run_after=2025-11-18 00:00:00+00:00
[2025-11-17T23:35:06.673+0000] {processor.py:208} INFO - Processing /opt/airflow/dags/migr_pop2ctz_pipeline.py took 0.150 seconds
[2025-11-17T23:35:36.899+0000] {processor.py:186} INFO - Started process (PID=332) to work on /opt/airflow/dags/migr_pop2ctz_pipeline.py
[2025-11-17T23:35:36.903+0000] {processor.py:914} INFO - Processing file /opt/airflow/dags/migr_pop2ctz_pipeline.py for tasks to queue
[2025-11-17T23:35:36.907+0000] {logging_mixin.py:190} INFO - [2025-11-17T23:35:36.907+0000] {dagbag.py:588} INFO - Filling up the DagBag from /opt/airflow/dags/migr_pop2ctz_pipeline.py
[2025-11-17T23:35:36.935+0000] {processor.py:925} INFO - DAG(s) 'migr_pop2ctz_pipeline' retrieved from /opt/airflow/dags/migr_pop2ctz_pipeline.py
[2025-11-17T23:35:36.988+0000] {logging_mixin.py:190} INFO - [2025-11-17T23:35:36.987+0000] {dag.py:3239} INFO - Sync 1 DAGs
[2025-11-17T23:35:37.030+0000] {logging_mixin.py:190} INFO - [2025-11-17T23:35:37.030+0000] {dag.py:4180} INFO - Setting next_dagrun for migr_pop2ctz_pipeline to 2025-11-17 00:00:00+00:00, run_after=2025-11-18 00:00:00+00:00
[2025-11-17T23:35:37.059+0000] {processor.py:208} INFO - Processing /opt/airflow/dags/migr_pop2ctz_pipeline.py took 0.182 seconds
[2025-11-17T23:36:07.632+0000] {processor.py:186} INFO - Started process (PID=342) to work on /opt/airflow/dags/migr_pop2ctz_pipeline.py
[2025-11-17T23:36:07.634+0000] {processor.py:914} INFO - Processing file /opt/airflow/dags/migr_pop2ctz_pipeline.py for tasks to queue
[2025-11-17T23:36:07.657+0000] {logging_mixin.py:190} INFO - [2025-11-17T23:36:07.655+0000] {dagbag.py:588} INFO - Filling up the DagBag from /opt/airflow/dags/migr_pop2ctz_pipeline.py
[2025-11-17T23:36:07.738+0000] {processor.py:925} INFO - DAG(s) 'migr_pop2ctz_pipeline' retrieved from /opt/airflow/dags/migr_pop2ctz_pipeline.py
[2025-11-17T23:36:07.897+0000] {logging_mixin.py:190} INFO - [2025-11-17T23:36:07.896+0000] {dag.py:3239} INFO - Sync 1 DAGs
[2025-11-17T23:36:08.033+0000] {logging_mixin.py:190} INFO - [2025-11-17T23:36:08.033+0000] {dag.py:4180} INFO - Setting next_dagrun for migr_pop2ctz_pipeline to 2025-11-17 00:00:00+00:00, run_after=2025-11-18 00:00:00+00:00
[2025-11-17T23:36:08.115+0000] {processor.py:208} INFO - Processing /opt/airflow/dags/migr_pop2ctz_pipeline.py took 0.510 seconds
[2025-11-17T23:36:38.343+0000] {processor.py:186} INFO - Started process (PID=352) to work on /opt/airflow/dags/migr_pop2ctz_pipeline.py
[2025-11-17T23:36:38.344+0000] {processor.py:914} INFO - Processing file /opt/airflow/dags/migr_pop2ctz_pipeline.py for tasks to queue
[2025-11-17T23:36:38.351+0000] {logging_mixin.py:190} INFO - [2025-11-17T23:36:38.350+0000] {dagbag.py:588} INFO - Filling up the DagBag from /opt/airflow/dags/migr_pop2ctz_pipeline.py
[2025-11-17T23:36:38.415+0000] {processor.py:925} INFO - DAG(s) 'migr_pop2ctz_pipeline' retrieved from /opt/airflow/dags/migr_pop2ctz_pipeline.py
[2025-11-17T23:36:38.528+0000] {logging_mixin.py:190} INFO - [2025-11-17T23:36:38.528+0000] {dag.py:3239} INFO - Sync 1 DAGs
[2025-11-17T23:36:38.610+0000] {logging_mixin.py:190} INFO - [2025-11-17T23:36:38.610+0000] {dag.py:4180} INFO - Setting next_dagrun for migr_pop2ctz_pipeline to 2025-11-17 00:00:00+00:00, run_after=2025-11-18 00:00:00+00:00
[2025-11-17T23:36:38.638+0000] {processor.py:208} INFO - Processing /opt/airflow/dags/migr_pop2ctz_pipeline.py took 0.330 seconds
[2025-11-17T23:37:09.155+0000] {processor.py:186} INFO - Started process (PID=362) to work on /opt/airflow/dags/migr_pop2ctz_pipeline.py
[2025-11-17T23:37:09.173+0000] {processor.py:914} INFO - Processing file /opt/airflow/dags/migr_pop2ctz_pipeline.py for tasks to queue
[2025-11-17T23:37:09.191+0000] {logging_mixin.py:190} INFO - [2025-11-17T23:37:09.190+0000] {dagbag.py:588} INFO - Filling up the DagBag from /opt/airflow/dags/migr_pop2ctz_pipeline.py
[2025-11-17T23:37:09.224+0000] {processor.py:925} INFO - DAG(s) 'migr_pop2ctz_pipeline' retrieved from /opt/airflow/dags/migr_pop2ctz_pipeline.py
[2025-11-17T23:37:09.363+0000] {logging_mixin.py:190} INFO - [2025-11-17T23:37:09.363+0000] {dag.py:3239} INFO - Sync 1 DAGs
[2025-11-17T23:37:09.428+0000] {logging_mixin.py:190} INFO - [2025-11-17T23:37:09.428+0000] {dag.py:4180} INFO - Setting next_dagrun for migr_pop2ctz_pipeline to 2025-11-17 00:00:00+00:00, run_after=2025-11-18 00:00:00+00:00
[2025-11-17T23:37:09.460+0000] {processor.py:208} INFO - Processing /opt/airflow/dags/migr_pop2ctz_pipeline.py took 0.337 seconds
[2025-11-17T23:37:39.882+0000] {processor.py:186} INFO - Started process (PID=372) to work on /opt/airflow/dags/migr_pop2ctz_pipeline.py
[2025-11-17T23:37:39.884+0000] {processor.py:914} INFO - Processing file /opt/airflow/dags/migr_pop2ctz_pipeline.py for tasks to queue
[2025-11-17T23:37:39.892+0000] {logging_mixin.py:190} INFO - [2025-11-17T23:37:39.891+0000] {dagbag.py:588} INFO - Filling up the DagBag from /opt/airflow/dags/migr_pop2ctz_pipeline.py
[2025-11-17T23:37:39.924+0000] {processor.py:925} INFO - DAG(s) 'migr_pop2ctz_pipeline' retrieved from /opt/airflow/dags/migr_pop2ctz_pipeline.py
[2025-11-17T23:37:39.997+0000] {logging_mixin.py:190} INFO - [2025-11-17T23:37:39.996+0000] {dag.py:3239} INFO - Sync 1 DAGs
[2025-11-17T23:37:40.054+0000] {logging_mixin.py:190} INFO - [2025-11-17T23:37:40.054+0000] {dag.py:4180} INFO - Setting next_dagrun for migr_pop2ctz_pipeline to 2025-11-17 00:00:00+00:00, run_after=2025-11-18 00:00:00+00:00
[2025-11-17T23:37:40.071+0000] {processor.py:208} INFO - Processing /opt/airflow/dags/migr_pop2ctz_pipeline.py took 0.216 seconds
[2025-11-17T23:38:10.766+0000] {processor.py:186} INFO - Started process (PID=382) to work on /opt/airflow/dags/migr_pop2ctz_pipeline.py
[2025-11-17T23:38:10.769+0000] {processor.py:914} INFO - Processing file /opt/airflow/dags/migr_pop2ctz_pipeline.py for tasks to queue
[2025-11-17T23:38:10.783+0000] {logging_mixin.py:190} INFO - [2025-11-17T23:38:10.782+0000] {dagbag.py:588} INFO - Filling up the DagBag from /opt/airflow/dags/migr_pop2ctz_pipeline.py
[2025-11-17T23:38:10.834+0000] {processor.py:925} INFO - DAG(s) 'migr_pop2ctz_pipeline' retrieved from /opt/airflow/dags/migr_pop2ctz_pipeline.py
[2025-11-17T23:38:10.900+0000] {logging_mixin.py:190} INFO - [2025-11-17T23:38:10.899+0000] {dag.py:3239} INFO - Sync 1 DAGs
[2025-11-17T23:38:10.956+0000] {logging_mixin.py:190} INFO - [2025-11-17T23:38:10.954+0000] {dag.py:4180} INFO - Setting next_dagrun for migr_pop2ctz_pipeline to 2025-11-17 00:00:00+00:00, run_after=2025-11-18 00:00:00+00:00
[2025-11-17T23:38:10.989+0000] {processor.py:208} INFO - Processing /opt/airflow/dags/migr_pop2ctz_pipeline.py took 0.262 seconds
[2025-11-17T23:38:41.479+0000] {processor.py:186} INFO - Started process (PID=392) to work on /opt/airflow/dags/migr_pop2ctz_pipeline.py
[2025-11-17T23:38:41.482+0000] {processor.py:914} INFO - Processing file /opt/airflow/dags/migr_pop2ctz_pipeline.py for tasks to queue
[2025-11-17T23:38:41.507+0000] {logging_mixin.py:190} INFO - [2025-11-17T23:38:41.506+0000] {dagbag.py:588} INFO - Filling up the DagBag from /opt/airflow/dags/migr_pop2ctz_pipeline.py
[2025-11-17T23:38:41.545+0000] {processor.py:925} INFO - DAG(s) 'migr_pop2ctz_pipeline' retrieved from /opt/airflow/dags/migr_pop2ctz_pipeline.py
[2025-11-17T23:38:41.749+0000] {logging_mixin.py:190} INFO - [2025-11-17T23:38:41.749+0000] {dag.py:3239} INFO - Sync 1 DAGs
[2025-11-17T23:38:41.866+0000] {logging_mixin.py:190} INFO - [2025-11-17T23:38:41.866+0000] {dag.py:4180} INFO - Setting next_dagrun for migr_pop2ctz_pipeline to 2025-11-17 00:00:00+00:00, run_after=2025-11-18 00:00:00+00:00
[2025-11-17T23:38:41.882+0000] {processor.py:208} INFO - Processing /opt/airflow/dags/migr_pop2ctz_pipeline.py took 0.429 seconds
[2025-11-17T23:39:12.523+0000] {processor.py:186} INFO - Started process (PID=402) to work on /opt/airflow/dags/migr_pop2ctz_pipeline.py
[2025-11-17T23:39:12.524+0000] {processor.py:914} INFO - Processing file /opt/airflow/dags/migr_pop2ctz_pipeline.py for tasks to queue
[2025-11-17T23:39:12.530+0000] {logging_mixin.py:190} INFO - [2025-11-17T23:39:12.530+0000] {dagbag.py:588} INFO - Filling up the DagBag from /opt/airflow/dags/migr_pop2ctz_pipeline.py
[2025-11-17T23:39:12.571+0000] {processor.py:925} INFO - DAG(s) 'migr_pop2ctz_pipeline' retrieved from /opt/airflow/dags/migr_pop2ctz_pipeline.py
[2025-11-17T23:39:12.622+0000] {logging_mixin.py:190} INFO - [2025-11-17T23:39:12.622+0000] {dag.py:3239} INFO - Sync 1 DAGs
[2025-11-17T23:39:12.678+0000] {logging_mixin.py:190} INFO - [2025-11-17T23:39:12.677+0000] {dag.py:4180} INFO - Setting next_dagrun for migr_pop2ctz_pipeline to 2025-11-17 00:00:00+00:00, run_after=2025-11-18 00:00:00+00:00
[2025-11-17T23:39:12.828+0000] {processor.py:208} INFO - Processing /opt/airflow/dags/migr_pop2ctz_pipeline.py took 0.320 seconds
[2025-11-17T23:39:43.096+0000] {processor.py:186} INFO - Started process (PID=412) to work on /opt/airflow/dags/migr_pop2ctz_pipeline.py
[2025-11-17T23:39:43.101+0000] {processor.py:914} INFO - Processing file /opt/airflow/dags/migr_pop2ctz_pipeline.py for tasks to queue
[2025-11-17T23:39:43.113+0000] {logging_mixin.py:190} INFO - [2025-11-17T23:39:43.111+0000] {dagbag.py:588} INFO - Filling up the DagBag from /opt/airflow/dags/migr_pop2ctz_pipeline.py
[2025-11-17T23:39:43.154+0000] {processor.py:925} INFO - DAG(s) 'migr_pop2ctz_pipeline' retrieved from /opt/airflow/dags/migr_pop2ctz_pipeline.py
[2025-11-17T23:39:43.212+0000] {logging_mixin.py:190} INFO - [2025-11-17T23:39:43.211+0000] {dag.py:3239} INFO - Sync 1 DAGs
[2025-11-17T23:39:43.255+0000] {logging_mixin.py:190} INFO - [2025-11-17T23:39:43.255+0000] {dag.py:4180} INFO - Setting next_dagrun for migr_pop2ctz_pipeline to 2025-11-17 00:00:00+00:00, run_after=2025-11-18 00:00:00+00:00
[2025-11-17T23:39:43.274+0000] {processor.py:208} INFO - Processing /opt/airflow/dags/migr_pop2ctz_pipeline.py took 0.196 seconds
[2025-11-17T23:40:13.659+0000] {processor.py:186} INFO - Started process (PID=422) to work on /opt/airflow/dags/migr_pop2ctz_pipeline.py
[2025-11-17T23:40:13.664+0000] {processor.py:914} INFO - Processing file /opt/airflow/dags/migr_pop2ctz_pipeline.py for tasks to queue
[2025-11-17T23:40:13.671+0000] {logging_mixin.py:190} INFO - [2025-11-17T23:40:13.671+0000] {dagbag.py:588} INFO - Filling up the DagBag from /opt/airflow/dags/migr_pop2ctz_pipeline.py
[2025-11-17T23:40:13.710+0000] {processor.py:925} INFO - DAG(s) 'migr_pop2ctz_pipeline' retrieved from /opt/airflow/dags/migr_pop2ctz_pipeline.py
[2025-11-17T23:40:13.791+0000] {logging_mixin.py:190} INFO - [2025-11-17T23:40:13.791+0000] {dag.py:3239} INFO - Sync 1 DAGs
[2025-11-17T23:40:13.828+0000] {logging_mixin.py:190} INFO - [2025-11-17T23:40:13.827+0000] {dag.py:4180} INFO - Setting next_dagrun for migr_pop2ctz_pipeline to 2025-11-17 00:00:00+00:00, run_after=2025-11-18 00:00:00+00:00
[2025-11-17T23:40:13.850+0000] {processor.py:208} INFO - Processing /opt/airflow/dags/migr_pop2ctz_pipeline.py took 0.224 seconds
[2025-11-17T23:40:44.266+0000] {processor.py:186} INFO - Started process (PID=432) to work on /opt/airflow/dags/migr_pop2ctz_pipeline.py
[2025-11-17T23:40:44.268+0000] {processor.py:914} INFO - Processing file /opt/airflow/dags/migr_pop2ctz_pipeline.py for tasks to queue
[2025-11-17T23:40:44.275+0000] {logging_mixin.py:190} INFO - [2025-11-17T23:40:44.275+0000] {dagbag.py:588} INFO - Filling up the DagBag from /opt/airflow/dags/migr_pop2ctz_pipeline.py
[2025-11-17T23:40:44.305+0000] {processor.py:925} INFO - DAG(s) 'migr_pop2ctz_pipeline' retrieved from /opt/airflow/dags/migr_pop2ctz_pipeline.py
[2025-11-17T23:40:44.351+0000] {logging_mixin.py:190} INFO - [2025-11-17T23:40:44.350+0000] {dag.py:3239} INFO - Sync 1 DAGs
[2025-11-17T23:40:44.381+0000] {logging_mixin.py:190} INFO - [2025-11-17T23:40:44.380+0000] {dag.py:4180} INFO - Setting next_dagrun for migr_pop2ctz_pipeline to 2025-11-17 00:00:00+00:00, run_after=2025-11-18 00:00:00+00:00
[2025-11-17T23:40:44.402+0000] {processor.py:208} INFO - Processing /opt/airflow/dags/migr_pop2ctz_pipeline.py took 0.163 seconds
[2025-11-17T23:41:14.827+0000] {processor.py:186} INFO - Started process (PID=442) to work on /opt/airflow/dags/migr_pop2ctz_pipeline.py
[2025-11-17T23:41:14.829+0000] {processor.py:914} INFO - Processing file /opt/airflow/dags/migr_pop2ctz_pipeline.py for tasks to queue
[2025-11-17T23:41:14.834+0000] {logging_mixin.py:190} INFO - [2025-11-17T23:41:14.834+0000] {dagbag.py:588} INFO - Filling up the DagBag from /opt/airflow/dags/migr_pop2ctz_pipeline.py
[2025-11-17T23:41:14.854+0000] {processor.py:925} INFO - DAG(s) 'migr_pop2ctz_pipeline' retrieved from /opt/airflow/dags/migr_pop2ctz_pipeline.py
[2025-11-17T23:41:14.896+0000] {logging_mixin.py:190} INFO - [2025-11-17T23:41:14.896+0000] {dag.py:3239} INFO - Sync 1 DAGs
[2025-11-17T23:41:14.925+0000] {logging_mixin.py:190} INFO - [2025-11-17T23:41:14.924+0000] {dag.py:4180} INFO - Setting next_dagrun for migr_pop2ctz_pipeline to 2025-11-17 00:00:00+00:00, run_after=2025-11-18 00:00:00+00:00
[2025-11-17T23:41:14.944+0000] {processor.py:208} INFO - Processing /opt/airflow/dags/migr_pop2ctz_pipeline.py took 0.128 seconds
[2025-11-17T23:41:45.198+0000] {processor.py:186} INFO - Started process (PID=452) to work on /opt/airflow/dags/migr_pop2ctz_pipeline.py
[2025-11-17T23:41:45.203+0000] {processor.py:914} INFO - Processing file /opt/airflow/dags/migr_pop2ctz_pipeline.py for tasks to queue
[2025-11-17T23:41:45.221+0000] {logging_mixin.py:190} INFO - [2025-11-17T23:41:45.218+0000] {dagbag.py:588} INFO - Filling up the DagBag from /opt/airflow/dags/migr_pop2ctz_pipeline.py
[2025-11-17T23:41:45.249+0000] {processor.py:925} INFO - DAG(s) 'migr_pop2ctz_pipeline' retrieved from /opt/airflow/dags/migr_pop2ctz_pipeline.py
[2025-11-17T23:41:45.299+0000] {logging_mixin.py:190} INFO - [2025-11-17T23:41:45.299+0000] {dag.py:3239} INFO - Sync 1 DAGs
[2025-11-17T23:41:45.322+0000] {logging_mixin.py:190} INFO - [2025-11-17T23:41:45.322+0000] {dag.py:4180} INFO - Setting next_dagrun for migr_pop2ctz_pipeline to 2025-11-17 00:00:00+00:00, run_after=2025-11-18 00:00:00+00:00
[2025-11-17T23:41:45.342+0000] {processor.py:208} INFO - Processing /opt/airflow/dags/migr_pop2ctz_pipeline.py took 0.182 seconds
[2025-11-17T23:42:15.529+0000] {processor.py:186} INFO - Started process (PID=462) to work on /opt/airflow/dags/migr_pop2ctz_pipeline.py
[2025-11-17T23:42:15.532+0000] {processor.py:914} INFO - Processing file /opt/airflow/dags/migr_pop2ctz_pipeline.py for tasks to queue
[2025-11-17T23:42:15.536+0000] {logging_mixin.py:190} INFO - [2025-11-17T23:42:15.536+0000] {dagbag.py:588} INFO - Filling up the DagBag from /opt/airflow/dags/migr_pop2ctz_pipeline.py
[2025-11-17T23:42:15.602+0000] {processor.py:925} INFO - DAG(s) 'migr_pop2ctz_pipeline' retrieved from /opt/airflow/dags/migr_pop2ctz_pipeline.py
[2025-11-17T23:42:15.647+0000] {logging_mixin.py:190} INFO - [2025-11-17T23:42:15.647+0000] {dag.py:3239} INFO - Sync 1 DAGs
[2025-11-17T23:42:15.671+0000] {logging_mixin.py:190} INFO - [2025-11-17T23:42:15.671+0000] {dag.py:4180} INFO - Setting next_dagrun for migr_pop2ctz_pipeline to 2025-11-17 00:00:00+00:00, run_after=2025-11-18 00:00:00+00:00
[2025-11-17T23:42:15.688+0000] {processor.py:208} INFO - Processing /opt/airflow/dags/migr_pop2ctz_pipeline.py took 0.171 seconds
[2025-11-17T23:42:46.009+0000] {processor.py:186} INFO - Started process (PID=472) to work on /opt/airflow/dags/migr_pop2ctz_pipeline.py
[2025-11-17T23:42:46.011+0000] {processor.py:914} INFO - Processing file /opt/airflow/dags/migr_pop2ctz_pipeline.py for tasks to queue
[2025-11-17T23:42:46.020+0000] {logging_mixin.py:190} INFO - [2025-11-17T23:42:46.019+0000] {dagbag.py:588} INFO - Filling up the DagBag from /opt/airflow/dags/migr_pop2ctz_pipeline.py
[2025-11-17T23:42:46.041+0000] {processor.py:925} INFO - DAG(s) 'migr_pop2ctz_pipeline' retrieved from /opt/airflow/dags/migr_pop2ctz_pipeline.py
[2025-11-17T23:42:46.081+0000] {logging_mixin.py:190} INFO - [2025-11-17T23:42:46.080+0000] {dag.py:3239} INFO - Sync 1 DAGs
[2025-11-17T23:42:46.108+0000] {logging_mixin.py:190} INFO - [2025-11-17T23:42:46.107+0000] {dag.py:4180} INFO - Setting next_dagrun for migr_pop2ctz_pipeline to 2025-11-17 00:00:00+00:00, run_after=2025-11-18 00:00:00+00:00
[2025-11-17T23:42:46.126+0000] {processor.py:208} INFO - Processing /opt/airflow/dags/migr_pop2ctz_pipeline.py took 0.138 seconds
[2025-11-17T23:43:16.480+0000] {processor.py:186} INFO - Started process (PID=482) to work on /opt/airflow/dags/migr_pop2ctz_pipeline.py
[2025-11-17T23:43:16.481+0000] {processor.py:914} INFO - Processing file /opt/airflow/dags/migr_pop2ctz_pipeline.py for tasks to queue
[2025-11-17T23:43:16.487+0000] {logging_mixin.py:190} INFO - [2025-11-17T23:43:16.486+0000] {dagbag.py:588} INFO - Filling up the DagBag from /opt/airflow/dags/migr_pop2ctz_pipeline.py
[2025-11-17T23:43:16.524+0000] {processor.py:925} INFO - DAG(s) 'migr_pop2ctz_pipeline' retrieved from /opt/airflow/dags/migr_pop2ctz_pipeline.py
[2025-11-17T23:43:16.561+0000] {logging_mixin.py:190} INFO - [2025-11-17T23:43:16.561+0000] {dag.py:3239} INFO - Sync 1 DAGs
[2025-11-17T23:43:16.591+0000] {logging_mixin.py:190} INFO - [2025-11-17T23:43:16.591+0000] {dag.py:4180} INFO - Setting next_dagrun for migr_pop2ctz_pipeline to 2025-11-17 00:00:00+00:00, run_after=2025-11-18 00:00:00+00:00
[2025-11-17T23:43:16.608+0000] {processor.py:208} INFO - Processing /opt/airflow/dags/migr_pop2ctz_pipeline.py took 0.138 seconds
[2025-11-17T23:43:47.039+0000] {processor.py:186} INFO - Started process (PID=492) to work on /opt/airflow/dags/migr_pop2ctz_pipeline.py
[2025-11-17T23:43:47.043+0000] {processor.py:914} INFO - Processing file /opt/airflow/dags/migr_pop2ctz_pipeline.py for tasks to queue
[2025-11-17T23:43:47.057+0000] {logging_mixin.py:190} INFO - [2025-11-17T23:43:47.052+0000] {dagbag.py:588} INFO - Filling up the DagBag from /opt/airflow/dags/migr_pop2ctz_pipeline.py
[2025-11-17T23:43:47.128+0000] {processor.py:925} INFO - DAG(s) 'migr_pop2ctz_pipeline' retrieved from /opt/airflow/dags/migr_pop2ctz_pipeline.py
[2025-11-17T23:43:47.214+0000] {logging_mixin.py:190} INFO - [2025-11-17T23:43:47.214+0000] {dag.py:3239} INFO - Sync 1 DAGs
[2025-11-17T23:43:47.265+0000] {logging_mixin.py:190} INFO - [2025-11-17T23:43:47.265+0000] {dag.py:4180} INFO - Setting next_dagrun for migr_pop2ctz_pipeline to 2025-11-17 00:00:00+00:00, run_after=2025-11-18 00:00:00+00:00
[2025-11-17T23:43:47.296+0000] {processor.py:208} INFO - Processing /opt/airflow/dags/migr_pop2ctz_pipeline.py took 0.278 seconds
[2025-11-17T23:44:17.549+0000] {processor.py:186} INFO - Started process (PID=502) to work on /opt/airflow/dags/migr_pop2ctz_pipeline.py
[2025-11-17T23:44:17.569+0000] {processor.py:914} INFO - Processing file /opt/airflow/dags/migr_pop2ctz_pipeline.py for tasks to queue
[2025-11-17T23:44:17.615+0000] {logging_mixin.py:190} INFO - [2025-11-17T23:44:17.586+0000] {dagbag.py:588} INFO - Filling up the DagBag from /opt/airflow/dags/migr_pop2ctz_pipeline.py
[2025-11-17T23:44:17.951+0000] {processor.py:925} INFO - DAG(s) 'migr_pop2ctz_pipeline' retrieved from /opt/airflow/dags/migr_pop2ctz_pipeline.py
[2025-11-17T23:44:18.405+0000] {logging_mixin.py:190} INFO - [2025-11-17T23:44:18.403+0000] {dag.py:3239} INFO - Sync 1 DAGs
[2025-11-17T23:44:18.662+0000] {logging_mixin.py:190} INFO - [2025-11-17T23:44:18.661+0000] {dag.py:4180} INFO - Setting next_dagrun for migr_pop2ctz_pipeline to 2025-11-17 00:00:00+00:00, run_after=2025-11-18 00:00:00+00:00
[2025-11-17T23:44:18.843+0000] {processor.py:208} INFO - Processing /opt/airflow/dags/migr_pop2ctz_pipeline.py took 1.364 seconds
[2025-11-17T23:44:48.986+0000] {processor.py:186} INFO - Started process (PID=512) to work on /opt/airflow/dags/migr_pop2ctz_pipeline.py
[2025-11-17T23:44:48.989+0000] {processor.py:914} INFO - Processing file /opt/airflow/dags/migr_pop2ctz_pipeline.py for tasks to queue
[2025-11-17T23:44:48.993+0000] {logging_mixin.py:190} INFO - [2025-11-17T23:44:48.993+0000] {dagbag.py:588} INFO - Filling up the DagBag from /opt/airflow/dags/migr_pop2ctz_pipeline.py
[2025-11-17T23:44:49.044+0000] {processor.py:925} INFO - DAG(s) 'migr_pop2ctz_pipeline' retrieved from /opt/airflow/dags/migr_pop2ctz_pipeline.py
[2025-11-17T23:44:49.172+0000] {logging_mixin.py:190} INFO - [2025-11-17T23:44:49.172+0000] {dag.py:3239} INFO - Sync 1 DAGs
[2025-11-17T23:44:49.265+0000] {logging_mixin.py:190} INFO - [2025-11-17T23:44:49.264+0000] {dag.py:4180} INFO - Setting next_dagrun for migr_pop2ctz_pipeline to 2025-11-17 00:00:00+00:00, run_after=2025-11-18 00:00:00+00:00
[2025-11-17T23:44:49.332+0000] {processor.py:208} INFO - Processing /opt/airflow/dags/migr_pop2ctz_pipeline.py took 0.373 seconds
[2025-11-17T23:45:19.569+0000] {processor.py:186} INFO - Started process (PID=522) to work on /opt/airflow/dags/migr_pop2ctz_pipeline.py
[2025-11-17T23:45:19.573+0000] {processor.py:914} INFO - Processing file /opt/airflow/dags/migr_pop2ctz_pipeline.py for tasks to queue
[2025-11-17T23:45:19.589+0000] {logging_mixin.py:190} INFO - [2025-11-17T23:45:19.588+0000] {dagbag.py:588} INFO - Filling up the DagBag from /opt/airflow/dags/migr_pop2ctz_pipeline.py
[2025-11-17T23:45:19.637+0000] {processor.py:925} INFO - DAG(s) 'migr_pop2ctz_pipeline' retrieved from /opt/airflow/dags/migr_pop2ctz_pipeline.py
[2025-11-17T23:45:19.836+0000] {logging_mixin.py:190} INFO - [2025-11-17T23:45:19.836+0000] {dag.py:3239} INFO - Sync 1 DAGs
[2025-11-17T23:45:19.886+0000] {logging_mixin.py:190} INFO - [2025-11-17T23:45:19.885+0000] {dag.py:4180} INFO - Setting next_dagrun for migr_pop2ctz_pipeline to 2025-11-17 00:00:00+00:00, run_after=2025-11-18 00:00:00+00:00
[2025-11-17T23:45:19.964+0000] {processor.py:208} INFO - Processing /opt/airflow/dags/migr_pop2ctz_pipeline.py took 0.416 seconds
[2025-11-17T23:45:50.284+0000] {processor.py:186} INFO - Started process (PID=532) to work on /opt/airflow/dags/migr_pop2ctz_pipeline.py
[2025-11-17T23:45:50.286+0000] {processor.py:914} INFO - Processing file /opt/airflow/dags/migr_pop2ctz_pipeline.py for tasks to queue
[2025-11-17T23:45:50.292+0000] {logging_mixin.py:190} INFO - [2025-11-17T23:45:50.291+0000] {dagbag.py:588} INFO - Filling up the DagBag from /opt/airflow/dags/migr_pop2ctz_pipeline.py
[2025-11-17T23:45:50.327+0000] {processor.py:925} INFO - DAG(s) 'migr_pop2ctz_pipeline' retrieved from /opt/airflow/dags/migr_pop2ctz_pipeline.py
[2025-11-17T23:45:50.402+0000] {logging_mixin.py:190} INFO - [2025-11-17T23:45:50.400+0000] {dag.py:3239} INFO - Sync 1 DAGs
[2025-11-17T23:45:50.447+0000] {logging_mixin.py:190} INFO - [2025-11-17T23:45:50.444+0000] {dag.py:4180} INFO - Setting next_dagrun for migr_pop2ctz_pipeline to 2025-11-17 00:00:00+00:00, run_after=2025-11-18 00:00:00+00:00
[2025-11-17T23:45:50.476+0000] {processor.py:208} INFO - Processing /opt/airflow/dags/migr_pop2ctz_pipeline.py took 0.211 seconds
[2025-11-17T23:46:21.063+0000] {processor.py:186} INFO - Started process (PID=542) to work on /opt/airflow/dags/migr_pop2ctz_pipeline.py
[2025-11-17T23:46:21.066+0000] {processor.py:914} INFO - Processing file /opt/airflow/dags/migr_pop2ctz_pipeline.py for tasks to queue
[2025-11-17T23:46:21.081+0000] {logging_mixin.py:190} INFO - [2025-11-17T23:46:21.079+0000] {dagbag.py:588} INFO - Filling up the DagBag from /opt/airflow/dags/migr_pop2ctz_pipeline.py
[2025-11-17T23:46:21.150+0000] {processor.py:925} INFO - DAG(s) 'migr_pop2ctz_pipeline' retrieved from /opt/airflow/dags/migr_pop2ctz_pipeline.py
[2025-11-17T23:46:21.655+0000] {logging_mixin.py:190} INFO - [2025-11-17T23:46:21.650+0000] {dag.py:3239} INFO - Sync 1 DAGs
[2025-11-17T23:46:21.767+0000] {logging_mixin.py:190} INFO - [2025-11-17T23:46:21.766+0000] {dag.py:4180} INFO - Setting next_dagrun for migr_pop2ctz_pipeline to 2025-11-17 00:00:00+00:00, run_after=2025-11-18 00:00:00+00:00
[2025-11-17T23:46:21.874+0000] {processor.py:208} INFO - Processing /opt/airflow/dags/migr_pop2ctz_pipeline.py took 0.856 seconds
[2025-11-17T23:46:52.646+0000] {processor.py:186} INFO - Started process (PID=552) to work on /opt/airflow/dags/migr_pop2ctz_pipeline.py
[2025-11-17T23:46:52.649+0000] {processor.py:914} INFO - Processing file /opt/airflow/dags/migr_pop2ctz_pipeline.py for tasks to queue
[2025-11-17T23:46:52.655+0000] {logging_mixin.py:190} INFO - [2025-11-17T23:46:52.654+0000] {dagbag.py:588} INFO - Filling up the DagBag from /opt/airflow/dags/migr_pop2ctz_pipeline.py
[2025-11-17T23:46:52.710+0000] {processor.py:925} INFO - DAG(s) 'migr_pop2ctz_pipeline' retrieved from /opt/airflow/dags/migr_pop2ctz_pipeline.py
[2025-11-17T23:46:52.818+0000] {logging_mixin.py:190} INFO - [2025-11-17T23:46:52.818+0000] {dag.py:3239} INFO - Sync 1 DAGs
[2025-11-17T23:46:52.890+0000] {logging_mixin.py:190} INFO - [2025-11-17T23:46:52.889+0000] {dag.py:4180} INFO - Setting next_dagrun for migr_pop2ctz_pipeline to 2025-11-17 00:00:00+00:00, run_after=2025-11-18 00:00:00+00:00
[2025-11-17T23:46:53.065+0000] {processor.py:208} INFO - Processing /opt/airflow/dags/migr_pop2ctz_pipeline.py took 0.445 seconds
[2025-11-17T23:47:23.515+0000] {processor.py:186} INFO - Started process (PID=562) to work on /opt/airflow/dags/migr_pop2ctz_pipeline.py
[2025-11-17T23:47:23.516+0000] {processor.py:914} INFO - Processing file /opt/airflow/dags/migr_pop2ctz_pipeline.py for tasks to queue
[2025-11-17T23:47:23.522+0000] {logging_mixin.py:190} INFO - [2025-11-17T23:47:23.520+0000] {dagbag.py:588} INFO - Filling up the DagBag from /opt/airflow/dags/migr_pop2ctz_pipeline.py
[2025-11-17T23:47:23.567+0000] {processor.py:925} INFO - DAG(s) 'migr_pop2ctz_pipeline' retrieved from /opt/airflow/dags/migr_pop2ctz_pipeline.py
[2025-11-17T23:47:23.658+0000] {logging_mixin.py:190} INFO - [2025-11-17T23:47:23.658+0000] {dag.py:3239} INFO - Sync 1 DAGs
[2025-11-17T23:47:23.798+0000] {logging_mixin.py:190} INFO - [2025-11-17T23:47:23.798+0000] {dag.py:4180} INFO - Setting next_dagrun for migr_pop2ctz_pipeline to 2025-11-17 00:00:00+00:00, run_after=2025-11-18 00:00:00+00:00
[2025-11-17T23:47:23.816+0000] {processor.py:208} INFO - Processing /opt/airflow/dags/migr_pop2ctz_pipeline.py took 0.329 seconds
[2025-11-17T23:47:54.589+0000] {processor.py:186} INFO - Started process (PID=572) to work on /opt/airflow/dags/migr_pop2ctz_pipeline.py
[2025-11-17T23:47:54.597+0000] {processor.py:914} INFO - Processing file /opt/airflow/dags/migr_pop2ctz_pipeline.py for tasks to queue
[2025-11-17T23:47:54.633+0000] {logging_mixin.py:190} INFO - [2025-11-17T23:47:54.626+0000] {dagbag.py:588} INFO - Filling up the DagBag from /opt/airflow/dags/migr_pop2ctz_pipeline.py
[2025-11-17T23:47:54.819+0000] {processor.py:925} INFO - DAG(s) 'migr_pop2ctz_pipeline' retrieved from /opt/airflow/dags/migr_pop2ctz_pipeline.py
[2025-11-17T23:47:55.076+0000] {logging_mixin.py:190} INFO - [2025-11-17T23:47:55.075+0000] {dag.py:3239} INFO - Sync 1 DAGs
[2025-11-17T23:47:55.272+0000] {logging_mixin.py:190} INFO - [2025-11-17T23:47:55.271+0000] {dag.py:4180} INFO - Setting next_dagrun for migr_pop2ctz_pipeline to 2025-11-17 00:00:00+00:00, run_after=2025-11-18 00:00:00+00:00
[2025-11-17T23:47:55.417+0000] {processor.py:208} INFO - Processing /opt/airflow/dags/migr_pop2ctz_pipeline.py took 0.897 seconds
[2025-11-17T23:48:26.289+0000] {processor.py:186} INFO - Started process (PID=582) to work on /opt/airflow/dags/migr_pop2ctz_pipeline.py
[2025-11-17T23:48:26.295+0000] {processor.py:914} INFO - Processing file /opt/airflow/dags/migr_pop2ctz_pipeline.py for tasks to queue
[2025-11-17T23:48:26.317+0000] {logging_mixin.py:190} INFO - [2025-11-17T23:48:26.313+0000] {dagbag.py:588} INFO - Filling up the DagBag from /opt/airflow/dags/migr_pop2ctz_pipeline.py
[2025-11-17T23:48:26.448+0000] {processor.py:925} INFO - DAG(s) 'migr_pop2ctz_pipeline' retrieved from /opt/airflow/dags/migr_pop2ctz_pipeline.py
[2025-11-17T23:48:26.597+0000] {logging_mixin.py:190} INFO - [2025-11-17T23:48:26.597+0000] {dag.py:3239} INFO - Sync 1 DAGs
[2025-11-17T23:48:26.690+0000] {logging_mixin.py:190} INFO - [2025-11-17T23:48:26.690+0000] {dag.py:4180} INFO - Setting next_dagrun for migr_pop2ctz_pipeline to 2025-11-17 00:00:00+00:00, run_after=2025-11-18 00:00:00+00:00
[2025-11-17T23:48:26.744+0000] {processor.py:208} INFO - Processing /opt/airflow/dags/migr_pop2ctz_pipeline.py took 0.506 seconds
[2025-11-17T23:48:57.167+0000] {processor.py:186} INFO - Started process (PID=592) to work on /opt/airflow/dags/migr_pop2ctz_pipeline.py
[2025-11-17T23:48:57.170+0000] {processor.py:914} INFO - Processing file /opt/airflow/dags/migr_pop2ctz_pipeline.py for tasks to queue
[2025-11-17T23:48:57.182+0000] {logging_mixin.py:190} INFO - [2025-11-17T23:48:57.176+0000] {dagbag.py:588} INFO - Filling up the DagBag from /opt/airflow/dags/migr_pop2ctz_pipeline.py
[2025-11-17T23:48:57.221+0000] {processor.py:925} INFO - DAG(s) 'migr_pop2ctz_pipeline' retrieved from /opt/airflow/dags/migr_pop2ctz_pipeline.py
[2025-11-17T23:48:57.300+0000] {logging_mixin.py:190} INFO - [2025-11-17T23:48:57.299+0000] {dag.py:3239} INFO - Sync 1 DAGs
[2025-11-17T23:48:57.344+0000] {logging_mixin.py:190} INFO - [2025-11-17T23:48:57.344+0000] {dag.py:4180} INFO - Setting next_dagrun for migr_pop2ctz_pipeline to 2025-11-17 00:00:00+00:00, run_after=2025-11-18 00:00:00+00:00
[2025-11-17T23:48:57.381+0000] {processor.py:208} INFO - Processing /opt/airflow/dags/migr_pop2ctz_pipeline.py took 0.235 seconds
[2025-11-17T23:49:27.476+0000] {processor.py:186} INFO - Started process (PID=602) to work on /opt/airflow/dags/migr_pop2ctz_pipeline.py
[2025-11-17T23:49:27.478+0000] {processor.py:914} INFO - Processing file /opt/airflow/dags/migr_pop2ctz_pipeline.py for tasks to queue
[2025-11-17T23:49:27.484+0000] {logging_mixin.py:190} INFO - [2025-11-17T23:49:27.484+0000] {dagbag.py:588} INFO - Filling up the DagBag from /opt/airflow/dags/migr_pop2ctz_pipeline.py
[2025-11-17T23:49:27.513+0000] {processor.py:925} INFO - DAG(s) 'migr_pop2ctz_pipeline' retrieved from /opt/airflow/dags/migr_pop2ctz_pipeline.py
[2025-11-17T23:49:27.571+0000] {logging_mixin.py:190} INFO - [2025-11-17T23:49:27.571+0000] {dag.py:3239} INFO - Sync 1 DAGs
[2025-11-17T23:49:27.610+0000] {logging_mixin.py:190} INFO - [2025-11-17T23:49:27.609+0000] {dag.py:4180} INFO - Setting next_dagrun for migr_pop2ctz_pipeline to 2025-11-17 00:00:00+00:00, run_after=2025-11-18 00:00:00+00:00
[2025-11-17T23:49:27.639+0000] {processor.py:208} INFO - Processing /opt/airflow/dags/migr_pop2ctz_pipeline.py took 0.184 seconds
[2025-11-17T23:49:57.903+0000] {processor.py:186} INFO - Started process (PID=612) to work on /opt/airflow/dags/migr_pop2ctz_pipeline.py
[2025-11-17T23:49:57.905+0000] {processor.py:914} INFO - Processing file /opt/airflow/dags/migr_pop2ctz_pipeline.py for tasks to queue
[2025-11-17T23:49:57.910+0000] {logging_mixin.py:190} INFO - [2025-11-17T23:49:57.910+0000] {dagbag.py:588} INFO - Filling up the DagBag from /opt/airflow/dags/migr_pop2ctz_pipeline.py
[2025-11-17T23:49:57.937+0000] {processor.py:925} INFO - DAG(s) 'migr_pop2ctz_pipeline' retrieved from /opt/airflow/dags/migr_pop2ctz_pipeline.py
[2025-11-17T23:49:58.001+0000] {logging_mixin.py:190} INFO - [2025-11-17T23:49:58.001+0000] {dag.py:3239} INFO - Sync 1 DAGs
[2025-11-17T23:49:58.029+0000] {logging_mixin.py:190} INFO - [2025-11-17T23:49:58.028+0000] {dag.py:4180} INFO - Setting next_dagrun for migr_pop2ctz_pipeline to 2025-11-17 00:00:00+00:00, run_after=2025-11-18 00:00:00+00:00
[2025-11-17T23:49:58.058+0000] {processor.py:208} INFO - Processing /opt/airflow/dags/migr_pop2ctz_pipeline.py took 0.168 seconds
[2025-11-17T23:50:28.245+0000] {processor.py:186} INFO - Started process (PID=622) to work on /opt/airflow/dags/migr_pop2ctz_pipeline.py
[2025-11-17T23:50:28.251+0000] {processor.py:914} INFO - Processing file /opt/airflow/dags/migr_pop2ctz_pipeline.py for tasks to queue
[2025-11-17T23:50:28.267+0000] {logging_mixin.py:190} INFO - [2025-11-17T23:50:28.266+0000] {dagbag.py:588} INFO - Filling up the DagBag from /opt/airflow/dags/migr_pop2ctz_pipeline.py
[2025-11-17T23:50:28.306+0000] {processor.py:925} INFO - DAG(s) 'migr_pop2ctz_pipeline' retrieved from /opt/airflow/dags/migr_pop2ctz_pipeline.py
[2025-11-17T23:50:28.360+0000] {logging_mixin.py:190} INFO - [2025-11-17T23:50:28.359+0000] {dag.py:3239} INFO - Sync 1 DAGs
[2025-11-17T23:50:28.390+0000] {logging_mixin.py:190} INFO - [2025-11-17T23:50:28.389+0000] {dag.py:4180} INFO - Setting next_dagrun for migr_pop2ctz_pipeline to 2025-11-17 00:00:00+00:00, run_after=2025-11-18 00:00:00+00:00
[2025-11-17T23:50:28.410+0000] {processor.py:208} INFO - Processing /opt/airflow/dags/migr_pop2ctz_pipeline.py took 0.178 seconds
[2025-11-17T23:50:59.179+0000] {processor.py:186} INFO - Started process (PID=632) to work on /opt/airflow/dags/migr_pop2ctz_pipeline.py
[2025-11-17T23:50:59.192+0000] {processor.py:914} INFO - Processing file /opt/airflow/dags/migr_pop2ctz_pipeline.py for tasks to queue
[2025-11-17T23:50:59.215+0000] {logging_mixin.py:190} INFO - [2025-11-17T23:50:59.208+0000] {dagbag.py:588} INFO - Filling up the DagBag from /opt/airflow/dags/migr_pop2ctz_pipeline.py
[2025-11-17T23:50:59.363+0000] {processor.py:925} INFO - DAG(s) 'migr_pop2ctz_pipeline' retrieved from /opt/airflow/dags/migr_pop2ctz_pipeline.py
[2025-11-17T23:50:59.613+0000] {logging_mixin.py:190} INFO - [2025-11-17T23:50:59.613+0000] {dag.py:3239} INFO - Sync 1 DAGs
[2025-11-17T23:50:59.688+0000] {logging_mixin.py:190} INFO - [2025-11-17T23:50:59.687+0000] {dag.py:4180} INFO - Setting next_dagrun for migr_pop2ctz_pipeline to 2025-11-17 00:00:00+00:00, run_after=2025-11-18 00:00:00+00:00
[2025-11-17T23:50:59.739+0000] {processor.py:208} INFO - Processing /opt/airflow/dags/migr_pop2ctz_pipeline.py took 0.677 seconds
[2025-11-17T23:51:30.706+0000] {processor.py:186} INFO - Started process (PID=642) to work on /opt/airflow/dags/migr_pop2ctz_pipeline.py
[2025-11-17T23:51:30.709+0000] {processor.py:914} INFO - Processing file /opt/airflow/dags/migr_pop2ctz_pipeline.py for tasks to queue
[2025-11-17T23:51:30.724+0000] {logging_mixin.py:190} INFO - [2025-11-17T23:51:30.723+0000] {dagbag.py:588} INFO - Filling up the DagBag from /opt/airflow/dags/migr_pop2ctz_pipeline.py
[2025-11-17T23:51:30.792+0000] {processor.py:925} INFO - DAG(s) 'migr_pop2ctz_pipeline' retrieved from /opt/airflow/dags/migr_pop2ctz_pipeline.py
[2025-11-17T23:51:30.977+0000] {logging_mixin.py:190} INFO - [2025-11-17T23:51:30.977+0000] {dag.py:3239} INFO - Sync 1 DAGs
[2025-11-17T23:51:31.129+0000] {logging_mixin.py:190} INFO - [2025-11-17T23:51:31.128+0000] {dag.py:4180} INFO - Setting next_dagrun for migr_pop2ctz_pipeline to 2025-11-17 00:00:00+00:00, run_after=2025-11-18 00:00:00+00:00
[2025-11-17T23:51:31.235+0000] {processor.py:208} INFO - Processing /opt/airflow/dags/migr_pop2ctz_pipeline.py took 0.573 seconds
[2025-11-17T23:52:02.304+0000] {processor.py:186} INFO - Started process (PID=652) to work on /opt/airflow/dags/migr_pop2ctz_pipeline.py
[2025-11-17T23:52:02.317+0000] {processor.py:914} INFO - Processing file /opt/airflow/dags/migr_pop2ctz_pipeline.py for tasks to queue
[2025-11-17T23:52:02.384+0000] {logging_mixin.py:190} INFO - [2025-11-17T23:52:02.384+0000] {dagbag.py:588} INFO - Filling up the DagBag from /opt/airflow/dags/migr_pop2ctz_pipeline.py
[2025-11-17T23:52:02.460+0000] {processor.py:925} INFO - DAG(s) 'migr_pop2ctz_pipeline' retrieved from /opt/airflow/dags/migr_pop2ctz_pipeline.py
[2025-11-17T23:52:02.591+0000] {logging_mixin.py:190} INFO - [2025-11-17T23:52:02.591+0000] {dag.py:3239} INFO - Sync 1 DAGs
[2025-11-17T23:52:02.680+0000] {logging_mixin.py:190} INFO - [2025-11-17T23:52:02.680+0000] {dag.py:4180} INFO - Setting next_dagrun for migr_pop2ctz_pipeline to 2025-11-17 00:00:00+00:00, run_after=2025-11-18 00:00:00+00:00
[2025-11-17T23:52:02.970+0000] {processor.py:208} INFO - Processing /opt/airflow/dags/migr_pop2ctz_pipeline.py took 0.772 seconds
[2025-11-17T23:52:33.242+0000] {processor.py:186} INFO - Started process (PID=662) to work on /opt/airflow/dags/migr_pop2ctz_pipeline.py
[2025-11-17T23:52:33.246+0000] {processor.py:914} INFO - Processing file /opt/airflow/dags/migr_pop2ctz_pipeline.py for tasks to queue
[2025-11-17T23:52:33.261+0000] {logging_mixin.py:190} INFO - [2025-11-17T23:52:33.257+0000] {dagbag.py:588} INFO - Filling up the DagBag from /opt/airflow/dags/migr_pop2ctz_pipeline.py
[2025-11-17T23:52:33.329+0000] {processor.py:925} INFO - DAG(s) 'migr_pop2ctz_pipeline' retrieved from /opt/airflow/dags/migr_pop2ctz_pipeline.py
[2025-11-17T23:52:33.557+0000] {logging_mixin.py:190} INFO - [2025-11-17T23:52:33.554+0000] {dag.py:3239} INFO - Sync 1 DAGs
[2025-11-17T23:52:33.752+0000] {logging_mixin.py:190} INFO - [2025-11-17T23:52:33.747+0000] {dag.py:4180} INFO - Setting next_dagrun for migr_pop2ctz_pipeline to 2025-11-17 00:00:00+00:00, run_after=2025-11-18 00:00:00+00:00
[2025-11-17T23:52:34.243+0000] {processor.py:208} INFO - Processing /opt/airflow/dags/migr_pop2ctz_pipeline.py took 1.029 seconds
[2025-11-17T23:53:04.767+0000] {processor.py:186} INFO - Started process (PID=672) to work on /opt/airflow/dags/migr_pop2ctz_pipeline.py
[2025-11-17T23:53:04.774+0000] {processor.py:914} INFO - Processing file /opt/airflow/dags/migr_pop2ctz_pipeline.py for tasks to queue
[2025-11-17T23:53:04.902+0000] {logging_mixin.py:190} INFO - [2025-11-17T23:53:04.888+0000] {dagbag.py:588} INFO - Filling up the DagBag from /opt/airflow/dags/migr_pop2ctz_pipeline.py
[2025-11-17T23:53:05.333+0000] {processor.py:925} INFO - DAG(s) 'migr_pop2ctz_pipeline' retrieved from /opt/airflow/dags/migr_pop2ctz_pipeline.py
[2025-11-17T23:53:05.908+0000] {logging_mixin.py:190} INFO - [2025-11-17T23:53:05.900+0000] {dag.py:3239} INFO - Sync 1 DAGs
[2025-11-17T23:53:06.117+0000] {logging_mixin.py:190} INFO - [2025-11-17T23:53:06.117+0000] {dag.py:4180} INFO - Setting next_dagrun for migr_pop2ctz_pipeline to 2025-11-17 00:00:00+00:00, run_after=2025-11-18 00:00:00+00:00
[2025-11-17T23:53:06.185+0000] {processor.py:208} INFO - Processing /opt/airflow/dags/migr_pop2ctz_pipeline.py took 1.595 seconds
[2025-11-17T23:53:36.979+0000] {processor.py:186} INFO - Started process (PID=682) to work on /opt/airflow/dags/migr_pop2ctz_pipeline.py
[2025-11-17T23:53:36.987+0000] {processor.py:914} INFO - Processing file /opt/airflow/dags/migr_pop2ctz_pipeline.py for tasks to queue
[2025-11-17T23:53:37.066+0000] {logging_mixin.py:190} INFO - [2025-11-17T23:53:37.058+0000] {dagbag.py:588} INFO - Filling up the DagBag from /opt/airflow/dags/migr_pop2ctz_pipeline.py
[2025-11-17T23:53:37.304+0000] {processor.py:925} INFO - DAG(s) 'migr_pop2ctz_pipeline' retrieved from /opt/airflow/dags/migr_pop2ctz_pipeline.py
[2025-11-17T23:53:37.615+0000] {logging_mixin.py:190} INFO - [2025-11-17T23:53:37.613+0000] {dag.py:3239} INFO - Sync 1 DAGs
[2025-11-17T23:53:37.875+0000] {logging_mixin.py:190} INFO - [2025-11-17T23:53:37.874+0000] {dag.py:4180} INFO - Setting next_dagrun for migr_pop2ctz_pipeline to 2025-11-17 00:00:00+00:00, run_after=2025-11-18 00:00:00+00:00
[2025-11-17T23:53:37.951+0000] {processor.py:208} INFO - Processing /opt/airflow/dags/migr_pop2ctz_pipeline.py took 1.119 seconds
[2025-11-17T23:54:08.063+0000] {processor.py:186} INFO - Started process (PID=692) to work on /opt/airflow/dags/migr_pop2ctz_pipeline.py
[2025-11-17T23:54:08.066+0000] {processor.py:914} INFO - Processing file /opt/airflow/dags/migr_pop2ctz_pipeline.py for tasks to queue
[2025-11-17T23:54:08.075+0000] {logging_mixin.py:190} INFO - [2025-11-17T23:54:08.074+0000] {dagbag.py:588} INFO - Filling up the DagBag from /opt/airflow/dags/migr_pop2ctz_pipeline.py
[2025-11-17T23:54:08.110+0000] {processor.py:925} INFO - DAG(s) 'migr_pop2ctz_pipeline' retrieved from /opt/airflow/dags/migr_pop2ctz_pipeline.py
[2025-11-17T23:54:08.251+0000] {logging_mixin.py:190} INFO - [2025-11-17T23:54:08.251+0000] {dag.py:3239} INFO - Sync 1 DAGs
[2025-11-17T23:54:08.318+0000] {logging_mixin.py:190} INFO - [2025-11-17T23:54:08.318+0000] {dag.py:4180} INFO - Setting next_dagrun for migr_pop2ctz_pipeline to 2025-11-17 00:00:00+00:00, run_after=2025-11-18 00:00:00+00:00
[2025-11-17T23:54:08.369+0000] {processor.py:208} INFO - Processing /opt/airflow/dags/migr_pop2ctz_pipeline.py took 0.337 seconds
[2025-11-17T23:54:38.578+0000] {processor.py:186} INFO - Started process (PID=702) to work on /opt/airflow/dags/migr_pop2ctz_pipeline.py
[2025-11-17T23:54:38.581+0000] {processor.py:914} INFO - Processing file /opt/airflow/dags/migr_pop2ctz_pipeline.py for tasks to queue
[2025-11-17T23:54:38.596+0000] {logging_mixin.py:190} INFO - [2025-11-17T23:54:38.595+0000] {dagbag.py:588} INFO - Filling up the DagBag from /opt/airflow/dags/migr_pop2ctz_pipeline.py
[2025-11-17T23:54:38.670+0000] {processor.py:925} INFO - DAG(s) 'migr_pop2ctz_pipeline' retrieved from /opt/airflow/dags/migr_pop2ctz_pipeline.py
[2025-11-17T23:54:39.066+0000] {logging_mixin.py:190} INFO - [2025-11-17T23:54:39.064+0000] {dag.py:3239} INFO - Sync 1 DAGs
[2025-11-17T23:54:39.208+0000] {logging_mixin.py:190} INFO - [2025-11-17T23:54:39.207+0000] {dag.py:4180} INFO - Setting next_dagrun for migr_pop2ctz_pipeline to 2025-11-17 00:00:00+00:00, run_after=2025-11-18 00:00:00+00:00
[2025-11-17T23:54:39.328+0000] {processor.py:208} INFO - Processing /opt/airflow/dags/migr_pop2ctz_pipeline.py took 0.787 seconds
[2025-11-17T23:55:09.898+0000] {processor.py:186} INFO - Started process (PID=712) to work on /opt/airflow/dags/migr_pop2ctz_pipeline.py
[2025-11-17T23:55:09.903+0000] {processor.py:914} INFO - Processing file /opt/airflow/dags/migr_pop2ctz_pipeline.py for tasks to queue
[2025-11-17T23:55:09.916+0000] {logging_mixin.py:190} INFO - [2025-11-17T23:55:09.915+0000] {dagbag.py:588} INFO - Filling up the DagBag from /opt/airflow/dags/migr_pop2ctz_pipeline.py
[2025-11-17T23:55:09.961+0000] {processor.py:925} INFO - DAG(s) 'migr_pop2ctz_pipeline' retrieved from /opt/airflow/dags/migr_pop2ctz_pipeline.py
[2025-11-17T23:55:10.058+0000] {logging_mixin.py:190} INFO - [2025-11-17T23:55:10.057+0000] {dag.py:3239} INFO - Sync 1 DAGs
[2025-11-17T23:55:10.117+0000] {logging_mixin.py:190} INFO - [2025-11-17T23:55:10.117+0000] {dag.py:4180} INFO - Setting next_dagrun for migr_pop2ctz_pipeline to 2025-11-17 00:00:00+00:00, run_after=2025-11-18 00:00:00+00:00
[2025-11-17T23:55:10.157+0000] {processor.py:208} INFO - Processing /opt/airflow/dags/migr_pop2ctz_pipeline.py took 0.287 seconds
[2025-11-17T23:55:40.490+0000] {processor.py:186} INFO - Started process (PID=722) to work on /opt/airflow/dags/migr_pop2ctz_pipeline.py
[2025-11-17T23:55:40.492+0000] {processor.py:914} INFO - Processing file /opt/airflow/dags/migr_pop2ctz_pipeline.py for tasks to queue
[2025-11-17T23:55:40.502+0000] {logging_mixin.py:190} INFO - [2025-11-17T23:55:40.501+0000] {dagbag.py:588} INFO - Filling up the DagBag from /opt/airflow/dags/migr_pop2ctz_pipeline.py
[2025-11-17T23:55:40.544+0000] {processor.py:925} INFO - DAG(s) 'migr_pop2ctz_pipeline' retrieved from /opt/airflow/dags/migr_pop2ctz_pipeline.py
[2025-11-17T23:55:40.609+0000] {logging_mixin.py:190} INFO - [2025-11-17T23:55:40.608+0000] {dag.py:3239} INFO - Sync 1 DAGs
[2025-11-17T23:55:40.665+0000] {logging_mixin.py:190} INFO - [2025-11-17T23:55:40.665+0000] {dag.py:4180} INFO - Setting next_dagrun for migr_pop2ctz_pipeline to 2025-11-17 00:00:00+00:00, run_after=2025-11-18 00:00:00+00:00
[2025-11-17T23:55:40.696+0000] {processor.py:208} INFO - Processing /opt/airflow/dags/migr_pop2ctz_pipeline.py took 0.230 seconds
[2025-11-17T23:56:10.771+0000] {processor.py:186} INFO - Started process (PID=732) to work on /opt/airflow/dags/migr_pop2ctz_pipeline.py
[2025-11-17T23:56:10.777+0000] {processor.py:914} INFO - Processing file /opt/airflow/dags/migr_pop2ctz_pipeline.py for tasks to queue
[2025-11-17T23:56:10.782+0000] {logging_mixin.py:190} INFO - [2025-11-17T23:56:10.782+0000] {dagbag.py:588} INFO - Filling up the DagBag from /opt/airflow/dags/migr_pop2ctz_pipeline.py
[2025-11-17T23:56:10.817+0000] {processor.py:925} INFO - DAG(s) 'migr_pop2ctz_pipeline' retrieved from /opt/airflow/dags/migr_pop2ctz_pipeline.py
[2025-11-17T23:56:10.879+0000] {logging_mixin.py:190} INFO - [2025-11-17T23:56:10.878+0000] {dag.py:3239} INFO - Sync 1 DAGs
[2025-11-17T23:56:11.114+0000] {logging_mixin.py:190} INFO - [2025-11-17T23:56:11.113+0000] {dag.py:4180} INFO - Setting next_dagrun for migr_pop2ctz_pipeline to 2025-11-17 00:00:00+00:00, run_after=2025-11-18 00:00:00+00:00
[2025-11-17T23:56:11.170+0000] {processor.py:208} INFO - Processing /opt/airflow/dags/migr_pop2ctz_pipeline.py took 0.416 seconds
[2025-11-17T23:56:41.926+0000] {processor.py:186} INFO - Started process (PID=742) to work on /opt/airflow/dags/migr_pop2ctz_pipeline.py
[2025-11-17T23:56:41.933+0000] {processor.py:914} INFO - Processing file /opt/airflow/dags/migr_pop2ctz_pipeline.py for tasks to queue
[2025-11-17T23:56:41.958+0000] {logging_mixin.py:190} INFO - [2025-11-17T23:56:41.957+0000] {dagbag.py:588} INFO - Filling up the DagBag from /opt/airflow/dags/migr_pop2ctz_pipeline.py
[2025-11-17T23:56:42.072+0000] {processor.py:925} INFO - DAG(s) 'migr_pop2ctz_pipeline' retrieved from /opt/airflow/dags/migr_pop2ctz_pipeline.py
[2025-11-17T23:56:42.355+0000] {logging_mixin.py:190} INFO - [2025-11-17T23:56:42.354+0000] {dag.py:3239} INFO - Sync 1 DAGs
[2025-11-17T23:56:42.436+0000] {logging_mixin.py:190} INFO - [2025-11-17T23:56:42.436+0000] {dag.py:4180} INFO - Setting next_dagrun for migr_pop2ctz_pipeline to 2025-11-17 00:00:00+00:00, run_after=2025-11-18 00:00:00+00:00
[2025-11-17T23:56:42.473+0000] {processor.py:208} INFO - Processing /opt/airflow/dags/migr_pop2ctz_pipeline.py took 0.600 seconds
[2025-11-17T23:57:13.063+0000] {processor.py:186} INFO - Started process (PID=752) to work on /opt/airflow/dags/migr_pop2ctz_pipeline.py
[2025-11-17T23:57:13.069+0000] {processor.py:914} INFO - Processing file /opt/airflow/dags/migr_pop2ctz_pipeline.py for tasks to queue
[2025-11-17T23:57:13.117+0000] {logging_mixin.py:190} INFO - [2025-11-17T23:57:13.115+0000] {dagbag.py:588} INFO - Filling up the DagBag from /opt/airflow/dags/migr_pop2ctz_pipeline.py
[2025-11-17T23:57:13.181+0000] {processor.py:925} INFO - DAG(s) 'migr_pop2ctz_pipeline' retrieved from /opt/airflow/dags/migr_pop2ctz_pipeline.py
[2025-11-17T23:57:13.267+0000] {logging_mixin.py:190} INFO - [2025-11-17T23:57:13.267+0000] {dag.py:3239} INFO - Sync 1 DAGs
[2025-11-17T23:57:13.326+0000] {logging_mixin.py:190} INFO - [2025-11-17T23:57:13.325+0000] {dag.py:4180} INFO - Setting next_dagrun for migr_pop2ctz_pipeline to 2025-11-17 00:00:00+00:00, run_after=2025-11-18 00:00:00+00:00
[2025-11-17T23:57:13.442+0000] {processor.py:208} INFO - Processing /opt/airflow/dags/migr_pop2ctz_pipeline.py took 0.412 seconds
[2025-11-17T23:57:43.865+0000] {processor.py:186} INFO - Started process (PID=762) to work on /opt/airflow/dags/migr_pop2ctz_pipeline.py
[2025-11-17T23:57:43.867+0000] {processor.py:914} INFO - Processing file /opt/airflow/dags/migr_pop2ctz_pipeline.py for tasks to queue
[2025-11-17T23:57:43.878+0000] {logging_mixin.py:190} INFO - [2025-11-17T23:57:43.877+0000] {dagbag.py:588} INFO - Filling up the DagBag from /opt/airflow/dags/migr_pop2ctz_pipeline.py
[2025-11-17T23:57:43.928+0000] {processor.py:925} INFO - DAG(s) 'migr_pop2ctz_pipeline' retrieved from /opt/airflow/dags/migr_pop2ctz_pipeline.py
[2025-11-17T23:57:44.109+0000] {logging_mixin.py:190} INFO - [2025-11-17T23:57:44.108+0000] {dag.py:3239} INFO - Sync 1 DAGs
[2025-11-17T23:57:44.209+0000] {logging_mixin.py:190} INFO - [2025-11-17T23:57:44.208+0000] {dag.py:4180} INFO - Setting next_dagrun for migr_pop2ctz_pipeline to 2025-11-17 00:00:00+00:00, run_after=2025-11-18 00:00:00+00:00
[2025-11-17T23:57:44.280+0000] {processor.py:208} INFO - Processing /opt/airflow/dags/migr_pop2ctz_pipeline.py took 0.440 seconds
[2025-11-17T23:58:14.665+0000] {processor.py:186} INFO - Started process (PID=772) to work on /opt/airflow/dags/migr_pop2ctz_pipeline.py
[2025-11-17T23:58:14.668+0000] {processor.py:914} INFO - Processing file /opt/airflow/dags/migr_pop2ctz_pipeline.py for tasks to queue
[2025-11-17T23:58:14.677+0000] {logging_mixin.py:190} INFO - [2025-11-17T23:58:14.676+0000] {dagbag.py:588} INFO - Filling up the DagBag from /opt/airflow/dags/migr_pop2ctz_pipeline.py
[2025-11-17T23:58:14.716+0000] {processor.py:925} INFO - DAG(s) 'migr_pop2ctz_pipeline' retrieved from /opt/airflow/dags/migr_pop2ctz_pipeline.py
[2025-11-17T23:58:14.808+0000] {logging_mixin.py:190} INFO - [2025-11-17T23:58:14.808+0000] {dag.py:3239} INFO - Sync 1 DAGs
[2025-11-17T23:58:14.846+0000] {logging_mixin.py:190} INFO - [2025-11-17T23:58:14.846+0000] {dag.py:4180} INFO - Setting next_dagrun for migr_pop2ctz_pipeline to 2025-11-17 00:00:00+00:00, run_after=2025-11-18 00:00:00+00:00
[2025-11-17T23:58:14.880+0000] {processor.py:208} INFO - Processing /opt/airflow/dags/migr_pop2ctz_pipeline.py took 0.230 seconds
[2025-11-17T23:58:45.612+0000] {processor.py:186} INFO - Started process (PID=782) to work on /opt/airflow/dags/migr_pop2ctz_pipeline.py
[2025-11-17T23:58:45.617+0000] {processor.py:914} INFO - Processing file /opt/airflow/dags/migr_pop2ctz_pipeline.py for tasks to queue
[2025-11-17T23:58:45.634+0000] {logging_mixin.py:190} INFO - [2025-11-17T23:58:45.631+0000] {dagbag.py:588} INFO - Filling up the DagBag from /opt/airflow/dags/migr_pop2ctz_pipeline.py
[2025-11-17T23:58:45.731+0000] {processor.py:925} INFO - DAG(s) 'migr_pop2ctz_pipeline' retrieved from /opt/airflow/dags/migr_pop2ctz_pipeline.py
[2025-11-17T23:58:45.897+0000] {logging_mixin.py:190} INFO - [2025-11-17T23:58:45.896+0000] {dag.py:3239} INFO - Sync 1 DAGs
[2025-11-17T23:58:45.990+0000] {logging_mixin.py:190} INFO - [2025-11-17T23:58:45.989+0000] {dag.py:4180} INFO - Setting next_dagrun for migr_pop2ctz_pipeline to 2025-11-17 00:00:00+00:00, run_after=2025-11-18 00:00:00+00:00
[2025-11-17T23:58:46.017+0000] {processor.py:208} INFO - Processing /opt/airflow/dags/migr_pop2ctz_pipeline.py took 0.449 seconds
[2025-11-17T23:59:16.153+0000] {processor.py:186} INFO - Started process (PID=792) to work on /opt/airflow/dags/migr_pop2ctz_pipeline.py
[2025-11-17T23:59:16.159+0000] {processor.py:914} INFO - Processing file /opt/airflow/dags/migr_pop2ctz_pipeline.py for tasks to queue
[2025-11-17T23:59:16.171+0000] {logging_mixin.py:190} INFO - [2025-11-17T23:59:16.171+0000] {dagbag.py:588} INFO - Filling up the DagBag from /opt/airflow/dags/migr_pop2ctz_pipeline.py
[2025-11-17T23:59:16.232+0000] {processor.py:925} INFO - DAG(s) 'migr_pop2ctz_pipeline' retrieved from /opt/airflow/dags/migr_pop2ctz_pipeline.py
[2025-11-17T23:59:16.348+0000] {logging_mixin.py:190} INFO - [2025-11-17T23:59:16.348+0000] {dag.py:3239} INFO - Sync 1 DAGs
[2025-11-17T23:59:16.401+0000] {logging_mixin.py:190} INFO - [2025-11-17T23:59:16.400+0000] {dag.py:4180} INFO - Setting next_dagrun for migr_pop2ctz_pipeline to 2025-11-17 00:00:00+00:00, run_after=2025-11-18 00:00:00+00:00
[2025-11-17T23:59:16.441+0000] {processor.py:208} INFO - Processing /opt/airflow/dags/migr_pop2ctz_pipeline.py took 0.324 seconds
[2025-11-17T23:59:47.116+0000] {processor.py:186} INFO - Started process (PID=802) to work on /opt/airflow/dags/migr_pop2ctz_pipeline.py
[2025-11-17T23:59:47.124+0000] {processor.py:914} INFO - Processing file /opt/airflow/dags/migr_pop2ctz_pipeline.py for tasks to queue
[2025-11-17T23:59:47.154+0000] {logging_mixin.py:190} INFO - [2025-11-17T23:59:47.148+0000] {dagbag.py:588} INFO - Filling up the DagBag from /opt/airflow/dags/migr_pop2ctz_pipeline.py
[2025-11-17T23:59:47.295+0000] {processor.py:925} INFO - DAG(s) 'migr_pop2ctz_pipeline' retrieved from /opt/airflow/dags/migr_pop2ctz_pipeline.py
[2025-11-17T23:59:47.565+0000] {logging_mixin.py:190} INFO - [2025-11-17T23:59:47.563+0000] {dag.py:3239} INFO - Sync 1 DAGs
[2025-11-17T23:59:47.659+0000] {logging_mixin.py:190} INFO - [2025-11-17T23:59:47.658+0000] {dag.py:4180} INFO - Setting next_dagrun for migr_pop2ctz_pipeline to 2025-11-17 00:00:00+00:00, run_after=2025-11-18 00:00:00+00:00
[2025-11-17T23:59:47.717+0000] {processor.py:208} INFO - Processing /opt/airflow/dags/migr_pop2ctz_pipeline.py took 0.682 seconds
