[2025-11-18T00:08:08.718+0000] {local_task_job_runner.py:123} INFO - ::group::Pre task execution logs
[2025-11-18T00:08:08.740+0000] {taskinstance.py:2612} INFO - Dependencies all met for dep_context=non-requeueable deps ti=<TaskInstance: demo_pjan_pipeline.transform_demo_pjan manual__2025-11-18T00:08:02.759353+00:00 [queued]>
[2025-11-18T00:08:08.747+0000] {taskinstance.py:2612} INFO - Dependencies all met for dep_context=requeueable deps ti=<TaskInstance: demo_pjan_pipeline.transform_demo_pjan manual__2025-11-18T00:08:02.759353+00:00 [queued]>
[2025-11-18T00:08:08.748+0000] {taskinstance.py:2865} INFO - Starting attempt 1 of 2
[2025-11-18T00:08:08.763+0000] {taskinstance.py:2888} INFO - Executing <Task(BashOperator): transform_demo_pjan> on 2025-11-18 00:08:02.759353+00:00
[2025-11-18T00:08:08.779+0000] {logging_mixin.py:190} WARNING - /home/***/.local/lib/python3.12/site-packages/***/task/task_runner/standard_task_runner.py:70 DeprecationWarning: This process (pid=1186) is multi-threaded, use of fork() may lead to deadlocks in the child.
[2025-11-18T00:08:08.781+0000] {standard_task_runner.py:72} INFO - Started process 1187 to run task
[2025-11-18T00:08:08.778+0000] {standard_task_runner.py:104} INFO - Running: ['***', 'tasks', 'run', 'demo_pjan_pipeline', 'transform_demo_pjan', 'manual__2025-11-18T00:08:02.759353+00:00', '--job-id', '107', '--raw', '--subdir', 'DAGS_FOLDER/demo_pjan_pipeline.py', '--cfg-path', '/tmp/tmp146iwaca']
[2025-11-18T00:08:08.784+0000] {standard_task_runner.py:105} INFO - Job 107: Subtask transform_demo_pjan
[2025-11-18T00:08:08.859+0000] {task_command.py:467} INFO - Running <TaskInstance: demo_pjan_pipeline.transform_demo_pjan manual__2025-11-18T00:08:02.759353+00:00 [running]> on host 83ca0fe0c31e
[2025-11-18T00:08:08.976+0000] {taskinstance.py:3131} INFO - Exporting env vars: AIRFLOW_CTX_DAG_OWNER='***' AIRFLOW_CTX_DAG_ID='demo_pjan_pipeline' AIRFLOW_CTX_TASK_ID='transform_demo_pjan' AIRFLOW_CTX_EXECUTION_DATE='2025-11-18T00:08:02.759353+00:00' AIRFLOW_CTX_TRY_NUMBER='1' AIRFLOW_CTX_DAG_RUN_ID='manual__2025-11-18T00:08:02.759353+00:00'
[2025-11-18T00:08:08.977+0000] {taskinstance.py:731} INFO - ::endgroup::
[2025-11-18T00:08:09.019+0000] {subprocess.py:63} INFO - Tmp dir root location: /tmp
[2025-11-18T00:08:09.021+0000] {subprocess.py:75} INFO - Running command: ['/usr/bin/bash', '-c', 'cd /opt/***/project && python src/transform/demo_pjan_raw_to_silver.py']
[2025-11-18T00:08:09.035+0000] {subprocess.py:86} INFO - Output:
[2025-11-18T00:08:10.559+0000] {subprocess.py:93} INFO - Lexoj JSON-stat nga: data/lake/bronze/demo_pjan/demo_pjan_20251118T000807.json
[2025-11-18T00:08:10.564+0000] {subprocess.py:93} INFO - Kolonat në DataFrame: ['Time frequency', 'Unit of measure', 'Age class', 'Sex', 'Geopolitical entity (reporting)', 'Time', 'measure_value']
[2025-11-18T00:08:10.565+0000] {subprocess.py:93} INFO - U ruajt silver Parquet: data/lake/silver/demo_pjan/demo_pjan.parquet
[2025-11-18T00:08:10.700+0000] {subprocess.py:97} INFO - Command exited with return code 0
[2025-11-18T00:08:10.791+0000] {taskinstance.py:340} INFO - ::group::Post task execution logs
[2025-11-18T00:08:10.792+0000] {taskinstance.py:352} INFO - Marking task as SUCCESS. dag_id=demo_pjan_pipeline, task_id=transform_demo_pjan, run_id=manual__2025-11-18T00:08:02.759353+00:00, execution_date=20251118T000802, start_date=20251118T000808, end_date=20251118T000810
[2025-11-18T00:08:10.842+0000] {local_task_job_runner.py:266} INFO - Task exited with return code 0
[2025-11-18T00:08:10.897+0000] {taskinstance.py:3900} INFO - 1 downstream tasks scheduled from follow-on schedule check
[2025-11-18T00:08:10.898+0000] {local_task_job_runner.py:245} INFO - ::endgroup::
