[2025-11-17T23:27:09.865+0000] {local_task_job_runner.py:123} INFO - ::group::Pre task execution logs
[2025-11-17T23:27:09.878+0000] {taskinstance.py:2612} INFO - Dependencies all met for dep_context=non-requeueable deps ti=<TaskInstance: demo_pjan_pipeline.load_demo_pjan_to_sqlserver manual__2025-11-17T23:21:56.453301+00:00 [queued]>
[2025-11-17T23:27:09.882+0000] {taskinstance.py:2612} INFO - Dependencies all met for dep_context=requeueable deps ti=<TaskInstance: demo_pjan_pipeline.load_demo_pjan_to_sqlserver manual__2025-11-17T23:21:56.453301+00:00 [queued]>
[2025-11-17T23:27:09.882+0000] {taskinstance.py:2865} INFO - Starting attempt 2 of 2
[2025-11-17T23:27:09.888+0000] {taskinstance.py:2888} INFO - Executing <Task(BashOperator): load_demo_pjan_to_sqlserver> on 2025-11-17 23:21:56.453301+00:00
[2025-11-17T23:27:09.904+0000] {logging_mixin.py:190} WARNING - /home/***/.local/lib/python3.12/site-packages/***/task/task_runner/standard_task_runner.py:70 DeprecationWarning: This process (pid=272) is multi-threaded, use of fork() may lead to deadlocks in the child.
[2025-11-17T23:27:09.896+0000] {standard_task_runner.py:104} INFO - Running: ['***', 'tasks', 'run', 'demo_pjan_pipeline', 'load_demo_pjan_to_sqlserver', 'manual__2025-11-17T23:21:56.453301+00:00', '--job-id', '86', '--raw', '--subdir', 'DAGS_FOLDER/demo_pjan_pipeline.py', '--cfg-path', '/tmp/tmpo3xwv5a9']
[2025-11-17T23:27:09.905+0000] {standard_task_runner.py:105} INFO - Job 86: Subtask load_demo_pjan_to_sqlserver
[2025-11-17T23:27:09.904+0000] {standard_task_runner.py:72} INFO - Started process 273 to run task
[2025-11-17T23:27:09.986+0000] {task_command.py:467} INFO - Running <TaskInstance: demo_pjan_pipeline.load_demo_pjan_to_sqlserver manual__2025-11-17T23:21:56.453301+00:00 [running]> on host b55fb284dded
[2025-11-17T23:27:10.084+0000] {taskinstance.py:3131} INFO - Exporting env vars: AIRFLOW_CTX_DAG_OWNER='***' AIRFLOW_CTX_DAG_ID='demo_pjan_pipeline' AIRFLOW_CTX_TASK_ID='load_demo_pjan_to_sqlserver' AIRFLOW_CTX_EXECUTION_DATE='2025-11-17T23:21:56.453301+00:00' AIRFLOW_CTX_TRY_NUMBER='2' AIRFLOW_CTX_DAG_RUN_ID='manual__2025-11-17T23:21:56.453301+00:00'
[2025-11-17T23:27:10.085+0000] {taskinstance.py:731} INFO - ::endgroup::
[2025-11-17T23:27:10.102+0000] {subprocess.py:63} INFO - Tmp dir root location: /tmp
[2025-11-17T23:27:10.105+0000] {subprocess.py:75} INFO - Running command: ['/usr/bin/bash', '-c', 'cd /opt/***/project && python src/load/demo_pjan_to_sqlserver.py']
[2025-11-17T23:27:10.119+0000] {subprocess.py:86} INFO - Output:
[2025-11-17T23:27:11.084+0000] {subprocess.py:93} INFO - Driver-at e disponueshëm nga pyodbc: ['ODBC Driver 18 for SQL Server']
[2025-11-17T23:27:11.085+0000] {subprocess.py:93} INFO - RUNNING_IN_DOCKER: True
[2025-11-17T23:27:11.086+0000] {subprocess.py:93} INFO - SQLSERVER_HOST që po përdoret: sqlserver
[2025-11-17T23:27:11.086+0000] {subprocess.py:93} INFO - SQLSERVER_CONN_STR:
[2025-11-17T23:27:11.086+0000] {subprocess.py:93} INFO - DRIVER={ODBC Driver 18 for SQL Server};SERVER=sqlserver,1433;DATABASE=EUDWH;UID=sa;PWD=Dokleat123.;Encrypt=no;TrustServerCertificate=yes;
[2025-11-17T23:27:11.086+0000] {subprocess.py:93} INFO - Lexoj Parquet nga: data/lake/silver/demo_pjan/demo_pjan.parquet
[2025-11-17T23:27:11.086+0000] {subprocess.py:93} INFO - Kolonat origjinale në DataFrame: ['Time frequency', 'Unit of measure', 'Age class', 'Sex', 'Geopolitical entity (reporting)', 'Time', 'measure_value']
[2025-11-17T23:27:11.087+0000] {subprocess.py:93} INFO - Kolonat pas rename: ['Time frequency', 'Unit of measure', 'Age class', 'Sex', 'geo', 'time', 'measure_value']
[2025-11-17T23:27:11.087+0000] {subprocess.py:93} INFO - Shembull rreshtash pas transformimit:
[2025-11-17T23:27:11.087+0000] {subprocess.py:93} INFO -    time                                        geo  measure_value
[2025-11-17T23:27:11.087+0000] {subprocess.py:93} INFO - 0  2015  European Union - 27 countries (from 2020)    442924865.0
[2025-11-17T23:27:11.087+0000] {subprocess.py:93} INFO - 1  2016  European Union - 27 countries (from 2020)    444003268.0
[2025-11-17T23:27:11.087+0000] {subprocess.py:93} INFO - 2  2017  European Union - 27 countries (from 2020)    444670605.0
[2025-11-17T23:27:11.087+0000] {subprocess.py:93} INFO - 3  2018  European Union - 27 countries (from 2020)    445301376.0
[2025-11-17T23:27:11.087+0000] {subprocess.py:93} INFO - 4  2019  European Union - 27 countries (from 2020)    446149924.0
[2025-11-17T23:27:11.088+0000] {subprocess.py:93} INFO - Po lidhem me SQL Server me connection string...
[2025-11-17T23:27:11.088+0000] {subprocess.py:93} INFO - Lidhja OK.
[2025-11-17T23:27:11.088+0000] {subprocess.py:93} INFO - Vitet unike: [2015, 2016, 2017, 2018, 2019, 2020, 2021, 2022, 2023, 2024]
[2025-11-17T23:27:11.088+0000] {subprocess.py:93} INFO - Vendet (geo) unike: ['European Union - 27 countries (from 2020)', 'France', 'Germany', 'Italy', 'Poland', 'Spain']
[2025-11-17T23:27:11.088+0000] {subprocess.py:93} INFO - U futën 60 rreshta në dwh.fact_population.
[2025-11-17T23:27:11.088+0000] {subprocess.py:93} INFO - Lidhja me SQL Server u mbyll.
[2025-11-17T23:27:11.125+0000] {subprocess.py:97} INFO - Command exited with return code 0
[2025-11-17T23:27:11.146+0000] {taskinstance.py:340} INFO - ::group::Post task execution logs
[2025-11-17T23:27:11.146+0000] {taskinstance.py:352} INFO - Marking task as SUCCESS. dag_id=demo_pjan_pipeline, task_id=load_demo_pjan_to_sqlserver, run_id=manual__2025-11-17T23:21:56.453301+00:00, execution_date=20251117T232156, start_date=20251117T232709, end_date=20251117T232711
[2025-11-17T23:27:11.162+0000] {local_task_job_runner.py:266} INFO - Task exited with return code 0
[2025-11-17T23:27:11.178+0000] {taskinstance.py:3900} INFO - 0 downstream tasks scheduled from follow-on schedule check
[2025-11-17T23:27:11.179+0000] {local_task_job_runner.py:245} INFO - ::endgroup::
