[2025-11-18T00:00:05.615+0000] {local_task_job_runner.py:123} INFO - ::group::Pre task execution logs
[2025-11-18T00:00:05.722+0000] {taskinstance.py:2612} INFO - Dependencies all met for dep_context=non-requeueable deps ti=<TaskInstance: migr_pop2ctz_pipeline.ingest_migr_pop2ctz scheduled__2025-11-17T00:00:00+00:00 [queued]>
[2025-11-18T00:00:05.751+0000] {taskinstance.py:2612} INFO - Dependencies all met for dep_context=requeueable deps ti=<TaskInstance: migr_pop2ctz_pipeline.ingest_migr_pop2ctz scheduled__2025-11-17T00:00:00+00:00 [queued]>
[2025-11-18T00:00:05.752+0000] {taskinstance.py:2865} INFO - Starting attempt 1 of 2
[2025-11-18T00:00:05.801+0000] {taskinstance.py:2888} INFO - Executing <Task(BashOperator): ingest_migr_pop2ctz> on 2025-11-17 00:00:00+00:00
[2025-11-18T00:00:05.832+0000] {logging_mixin.py:190} WARNING - /home/***/.local/lib/python3.12/site-packages/***/task/task_runner/standard_task_runner.py:70 DeprecationWarning: This process (pid=813) is multi-threaded, use of fork() may lead to deadlocks in the child.
[2025-11-18T00:00:05.825+0000] {standard_task_runner.py:104} INFO - Running: ['***', 'tasks', 'run', 'migr_pop2ctz_pipeline', 'ingest_migr_pop2ctz', 'scheduled__2025-11-17T00:00:00+00:00', '--job-id', '95', '--raw', '--subdir', 'DAGS_FOLDER/migr_pop2ctz_pipeline.py', '--cfg-path', '/tmp/tmpmpfv99yi']
[2025-11-18T00:00:05.834+0000] {standard_task_runner.py:105} INFO - Job 95: Subtask ingest_migr_pop2ctz
[2025-11-18T00:00:05.834+0000] {standard_task_runner.py:72} INFO - Started process 815 to run task
[2025-11-18T00:00:06.172+0000] {task_command.py:467} INFO - Running <TaskInstance: migr_pop2ctz_pipeline.ingest_migr_pop2ctz scheduled__2025-11-17T00:00:00+00:00 [running]> on host 83ca0fe0c31e
[2025-11-18T00:00:07.678+0000] {taskinstance.py:3131} INFO - Exporting env vars: AIRFLOW_CTX_DAG_OWNER='***' AIRFLOW_CTX_DAG_ID='migr_pop2ctz_pipeline' AIRFLOW_CTX_TASK_ID='ingest_migr_pop2ctz' AIRFLOW_CTX_EXECUTION_DATE='2025-11-17T00:00:00+00:00' AIRFLOW_CTX_TRY_NUMBER='1' AIRFLOW_CTX_DAG_RUN_ID='scheduled__2025-11-17T00:00:00+00:00'
[2025-11-18T00:00:07.753+0000] {taskinstance.py:731} INFO - ::endgroup::
[2025-11-18T00:00:08.484+0000] {subprocess.py:63} INFO - Tmp dir root location: /tmp
[2025-11-18T00:00:08.504+0000] {subprocess.py:75} INFO - Running command: ['/usr/bin/bash', '-c', 'cd /opt/***/project && python src/collect/ingest_migr_pop2ctz.py']
[2025-11-18T00:00:08.637+0000] {subprocess.py:86} INFO - Output:
[2025-11-18T00:00:16.702+0000] {job.py:229} INFO - Heartbeat recovered after 12.41 seconds
[2025-11-18T00:00:19.623+0000] {subprocess.py:93} INFO - /opt/***/project/src/collect/ingest_migr_pop2ctz.py:27: DeprecationWarning: datetime.datetime.utcnow() is deprecated and scheduled for removal in a future version. Use timezone-aware objects to represent datetimes in UTC: datetime.datetime.now(datetime.UTC).
[2025-11-18T00:00:19.639+0000] {subprocess.py:93} INFO -   ts = datetime.utcnow().strftime("%Y%m%dT%H%M%S")
[2025-11-18T00:00:19.812+0000] {subprocess.py:93} INFO - Fetching from: https://ec.europa.eu/eurostat/api/dissemination/statistics/1.0/data/MIGR_POP2CTZ?lang=EN&lastTimePeriod=10&geo=DE&geo=FR&geo=IT&geo=ES&geo=PL&geo=EU27_2020
[2025-11-18T00:00:19.815+0000] {subprocess.py:93} INFO - Saved bronze file: data/lake/bronze/migr_pop2ctz/migr_pop2ctz_20251118T000019.json
[2025-11-18T00:00:19.906+0000] {subprocess.py:97} INFO - Command exited with return code 0
[2025-11-18T00:00:20.426+0000] {taskinstance.py:340} INFO - ::group::Post task execution logs
[2025-11-18T00:00:20.432+0000] {taskinstance.py:352} INFO - Marking task as SUCCESS. dag_id=migr_pop2ctz_pipeline, task_id=ingest_migr_pop2ctz, run_id=scheduled__2025-11-17T00:00:00+00:00, execution_date=20251117T000000, start_date=20251118T000005, end_date=20251118T000020
[2025-11-18T00:00:20.687+0000] {local_task_job_runner.py:266} INFO - Task exited with return code 0
[2025-11-18T00:00:20.950+0000] {taskinstance.py:3900} INFO - 1 downstream tasks scheduled from follow-on schedule check
[2025-11-18T00:00:20.955+0000] {local_task_job_runner.py:245} INFO - ::endgroup::
